TN:
SF:postcss.config.js
FN:1,(empty-report)
FNF:1
FNH:0
FNDA:0,(empty-report)
DA:1,0
DA:2,0
DA:3,0
DA:4,0
DA:5,0
DA:6,0
LF:6
LH:0
BRDA:1,0,0,0
BRF:1
BRH:0
end_of_record
TN:
SF:tailwind.config.js
FN:1,(empty-report)
FNF:1
FNH:0
FNDA:0,(empty-report)
DA:1,0
DA:2,0
DA:3,0
DA:4,0
DA:5,0
DA:6,0
DA:7,0
DA:8,0
DA:9,0
DA:10,0
DA:11,0
DA:12,0
DA:13,0
DA:14,0
DA:15,0
DA:16,0
DA:17,0
DA:18,0
DA:19,0
DA:20,0
DA:21,0
DA:22,0
DA:23,0
DA:24,0
DA:25,0
DA:26,0
DA:27,0
DA:28,0
DA:29,0
DA:30,0
DA:31,0
DA:32,0
DA:33,0
DA:34,0
DA:35,0
LF:35
LH:0
BRDA:1,0,0,0
BRF:1
BRH:0
end_of_record
TN:
SF:src\App.tsx
FN:1,(empty-report)
FNF:1
FNH:0
FNDA:0,(empty-report)
DA:1,0
DA:2,0
DA:3,0
DA:4,0
DA:5,0
DA:6,0
DA:7,0
DA:8,0
DA:9,0
DA:10,0
DA:11,0
DA:12,0
DA:13,0
DA:14,0
DA:15,0
DA:16,0
DA:17,0
DA:18,0
DA:19,0
DA:20,0
DA:21,0
DA:22,0
DA:23,0
DA:24,0
DA:25,0
DA:26,0
DA:27,0
DA:28,0
DA:29,0
DA:30,0
DA:31,0
DA:32,0
DA:33,0
DA:34,0
DA:35,0
DA:36,0
DA:37,0
DA:38,0
DA:39,0
DA:40,0
DA:41,0
DA:42,0
DA:43,0
DA:44,0
DA:45,0
DA:46,0
DA:47,0
DA:48,0
DA:49,0
DA:50,0
DA:51,0
DA:52,0
DA:53,0
DA:54,0
DA:55,0
DA:56,0
DA:57,0
DA:58,0
DA:59,0
DA:60,0
DA:61,0
DA:62,0
DA:63,0
DA:64,0
DA:65,0
DA:66,0
DA:67,0
DA:68,0
DA:69,0
DA:70,0
DA:71,0
DA:72,0
DA:73,0
DA:74,0
DA:75,0
DA:76,0
DA:77,0
DA:78,0
DA:79,0
DA:80,0
DA:81,0
DA:82,0
DA:83,0
DA:84,0
DA:85,0
DA:86,0
DA:87,0
DA:88,0
DA:89,0
DA:90,0
DA:91,0
DA:92,0
DA:93,0
DA:94,0
DA:95,0
DA:96,0
DA:97,0
DA:98,0
DA:99,0
DA:100,0
DA:101,0
DA:102,0
DA:103,0
DA:104,0
DA:105,0
DA:106,0
DA:107,0
DA:108,0
DA:109,0
DA:110,0
DA:111,0
DA:112,0
DA:113,0
DA:114,0
DA:115,0
DA:116,0
DA:117,0
DA:118,0
DA:119,0
DA:120,0
DA:121,0
DA:122,0
DA:123,0
DA:124,0
DA:125,0
DA:126,0
DA:127,0
DA:128,0
DA:129,0
DA:130,0
DA:131,0
DA:132,0
DA:133,0
DA:134,0
DA:135,0
DA:136,0
DA:137,0
DA:138,0
DA:139,0
DA:140,0
DA:141,0
DA:142,0
DA:143,0
DA:144,0
DA:145,0
DA:146,0
DA:147,0
DA:148,0
DA:149,0
DA:150,0
DA:151,0
DA:152,0
DA:153,0
DA:154,0
DA:155,0
DA:156,0
DA:157,0
DA:158,0
DA:159,0
DA:160,0
DA:161,0
DA:162,0
DA:163,0
DA:164,0
DA:165,0
DA:166,0
DA:167,0
DA:168,0
DA:169,0
DA:170,0
DA:171,0
DA:172,0
DA:173,0
DA:174,0
DA:175,0
DA:176,0
DA:177,0
DA:178,0
DA:179,0
DA:180,0
DA:181,0
DA:182,0
DA:183,0
DA:184,0
DA:185,0
DA:186,0
DA:187,0
DA:188,0
DA:189,0
DA:190,0
DA:191,0
DA:192,0
DA:193,0
DA:194,0
DA:195,0
DA:196,0
DA:197,0
DA:198,0
DA:199,0
DA:200,0
DA:201,0
DA:202,0
DA:203,0
DA:204,0
DA:205,0
DA:206,0
DA:207,0
DA:208,0
DA:209,0
DA:210,0
DA:211,0
DA:212,0
DA:213,0
DA:214,0
DA:215,0
DA:216,0
DA:217,0
DA:218,0
DA:219,0
DA:220,0
DA:221,0
DA:222,0
LF:222
LH:0
BRDA:1,0,0,0
BRF:1
BRH:0
end_of_record
TN:
SF:src\main.tsx
FN:1,(empty-report)
FNF:1
FNH:0
FNDA:0,(empty-report)
DA:1,0
DA:2,0
DA:3,0
DA:4,0
DA:5,0
DA:6,0
DA:7,0
DA:8,0
DA:9,0
DA:10,0
LF:10
LH:0
BRDA:1,0,0,0
BRF:1
BRH:0
end_of_record
TN:
SF:src\api\admin.ts
FN:13,throwOnError
FN:17,apiListAdminUsers
FN:40,apiCreateAdminUser
FN:56,apiUpdateAdminUser
FN:73,apiGetAdminUser
FN:81,apiDeleteAdminUser
FN:89,apiGetExamResults
FN:97,apiUnlockExamCandidate
FNF:8
FNH:0
FNDA:0,throwOnError
FNDA:0,apiListAdminUsers
FNDA:0,apiCreateAdminUser
FNDA:0,apiUpdateAdminUser
FNDA:0,apiGetAdminUser
FNDA:0,apiDeleteAdminUser
FNDA:0,apiGetExamResults
FNDA:0,apiUnlockExamCandidate
DA:1,1
DA:2,1
DA:3,1
DA:4,1
DA:5,1
DA:6,1
DA:7,1
DA:8,1
DA:9,1
DA:10,1
DA:11,1
DA:12,1
DA:13,0
DA:14,0
DA:15,0
DA:16,1
DA:17,0
DA:18,0
DA:19,0
DA:20,0
DA:21,0
DA:22,0
DA:23,0
DA:24,0
DA:25,0
DA:26,0
DA:27,0
DA:28,0
DA:29,0
DA:30,0
DA:31,0
DA:32,0
DA:33,0
DA:34,0
DA:35,0
DA:36,0
DA:37,0
DA:38,0
DA:39,1
DA:40,0
DA:41,0
DA:42,0
DA:43,0
DA:44,0
DA:45,0
DA:46,0
DA:47,0
DA:48,0
DA:49,0
DA:50,0
DA:51,0
DA:52,0
DA:53,0
DA:54,0
DA:55,1
DA:56,0
DA:57,0
DA:58,0
DA:59,0
DA:60,0
DA:61,0
DA:62,0
DA:63,0
DA:64,0
DA:65,0
DA:66,0
DA:67,0
DA:68,0
DA:69,0
DA:70,0
DA:71,0
DA:72,1
DA:73,0
DA:74,0
DA:75,0
DA:76,0
DA:77,0
DA:78,0
DA:79,0
DA:80,1
DA:81,0
DA:82,0
DA:83,0
DA:84,0
DA:85,0
DA:86,0
DA:87,0
DA:88,1
DA:89,0
DA:90,0
DA:91,0
DA:92,0
DA:93,0
DA:94,0
DA:95,0
DA:96,1
DA:97,0
DA:98,0
DA:99,0
DA:100,0
DA:101,0
DA:102,0
DA:103,0
DA:104,0
DA:105,0
DA:106,0
DA:107,0
LF:107
LH:19
BRF:0
BRH:0
end_of_record
TN:
SF:src\api\auth.ts
FN:5,apiLogin
FN:15,apiRefresh
FN:25,apiLogout
FN:33,apiMe
FNF:4
FNH:0
FNDA:0,apiLogin
FNDA:0,apiRefresh
FNDA:0,apiLogout
FNDA:0,apiMe
DA:1,1
DA:2,1
DA:3,1
DA:4,1
DA:5,0
DA:6,0
DA:7,0
DA:8,0
DA:9,0
DA:10,0
DA:11,0
DA:12,0
DA:13,0
DA:14,1
DA:15,0
DA:16,0
DA:17,0
DA:18,0
DA:19,0
DA:20,0
DA:21,0
DA:22,0
DA:23,0
DA:24,1
DA:25,0
DA:26,0
DA:27,0
DA:28,0
DA:29,0
DA:30,0
DA:31,0
DA:32,1
DA:33,0
DA:34,0
DA:35,0
DA:36,0
DA:37,0
DA:38,0
DA:39,0
LF:39
LH:7
BRF:0
BRH:0
end_of_record
TN:
SF:src\api\errors.ts
FN:2,<instance_members_initializer>
FN:5,ApiError
FN:13,detailToMessage
FN:32,friendlyMessage
FN:40,throwOnApiError
FN:49,getErrorMessage
FNF:6
FNH:4
FNDA:2,<instance_members_initializer>
FNDA:2,ApiError
FNDA:0,detailToMessage
FNDA:0,friendlyMessage
FNDA:24,throwOnApiError
FNDA:11,getErrorMessage
DA:1,1
DA:2,1
DA:3,2
DA:4,1
DA:5,1
DA:6,2
DA:7,2
DA:8,2
DA:9,2
DA:10,2
DA:11,1
DA:12,1
DA:13,0
DA:14,0
DA:15,0
DA:16,0
DA:17,0
DA:18,0
DA:19,0
DA:20,0
DA:21,0
DA:22,0
DA:23,0
DA:24,0
DA:25,0
DA:26,0
DA:27,0
DA:28,0
DA:29,0
DA:30,0
DA:31,1
DA:32,0
DA:33,0
DA:34,0
DA:35,0
DA:36,0
DA:37,0
DA:38,0
DA:39,1
DA:40,24
DA:41,24
DA:42,0
DA:43,24
DA:44,0
DA:45,0
DA:46,24
DA:47,24
DA:48,1
DA:49,1
DA:50,11
DA:51,11
LF:51
LH:23
BRDA:2,0,0,2
BRDA:5,1,0,2
BRDA:40,2,0,24
BRDA:41,3,0,0
BRDA:43,4,0,0
BRDA:43,5,0,0
BRDA:44,6,0,0
BRDA:49,7,0,11
BRDA:50,8,0,0
BRF:9
BRH:4
end_of_record
TN:
SF:src\api\exams.ts
FN:16,throwOnError
FN:20,apiListExams
FN:28,apiGetExam
FN:36,apiCreateExam
FN:46,apiUpdateExam
FN:56,apiDeleteExam
FN:64,apiListExamProblems
FN:72,apiListAssignments
FN:80,apiCreateAssignment
FN:94,apiDeleteAssignment
FN:106,apiGetCandidateExamState
FN:117,apiGetExamAccess
FN:125,apiStartExam
FN:134,apiEndExam
FN:143,apiFullscreenExit
FN:152,apiFullscreenReturn
FN:161,apiCreateProctoringEvent
FNF:17
FNH:17
FNDA:19,throwOnError
FNDA:1,apiListExams
FNDA:1,apiGetExam
FNDA:1,apiCreateExam
FNDA:1,apiUpdateExam
FNDA:1,apiDeleteExam
FNDA:1,apiListExamProblems
FNDA:1,apiListAssignments
FNDA:1,apiCreateAssignment
FNDA:1,apiDeleteAssignment
FNDA:1,apiGetCandidateExamState
FNDA:5,apiGetExamAccess
FNDA:1,apiStartExam
FNDA:1,apiEndExam
FNDA:3,apiFullscreenExit
FNDA:2,apiFullscreenReturn
FNDA:1,apiCreateProctoringEvent
DA:1,1
DA:2,1
DA:3,1
DA:4,1
DA:5,1
DA:6,1
DA:7,1
DA:8,1
DA:9,1
DA:10,1
DA:11,1
DA:12,1
DA:13,1
DA:14,1
DA:15,1
DA:16,19
DA:17,19
DA:18,19
DA:19,1
DA:20,1
DA:21,1
DA:22,1
DA:23,1
DA:24,1
DA:25,1
DA:26,1
DA:27,1
DA:28,1
DA:29,1
DA:30,1
DA:31,1
DA:32,1
DA:33,1
DA:34,1
DA:35,1
DA:36,1
DA:37,1
DA:38,1
DA:39,1
DA:40,1
DA:41,1
DA:42,1
DA:43,1
DA:44,1
DA:45,1
DA:46,1
DA:47,1
DA:48,1
DA:49,1
DA:50,1
DA:51,1
DA:52,1
DA:53,1
DA:54,1
DA:55,1
DA:56,1
DA:57,1
DA:58,1
DA:59,1
DA:60,1
DA:61,1
DA:62,1
DA:63,1
DA:64,1
DA:65,1
DA:66,1
DA:67,1
DA:68,1
DA:69,1
DA:70,1
DA:71,1
DA:72,1
DA:73,1
DA:74,1
DA:75,1
DA:76,1
DA:77,1
DA:78,1
DA:79,1
DA:80,1
DA:81,1
DA:82,1
DA:83,1
DA:84,1
DA:85,1
DA:86,1
DA:87,1
DA:88,1
DA:89,1
DA:90,1
DA:91,1
DA:92,1
DA:93,1
DA:94,1
DA:95,1
DA:96,1
DA:97,1
DA:98,1
DA:99,1
DA:100,1
DA:101,1
DA:102,1
DA:103,1
DA:104,1
DA:105,1
DA:106,1
DA:107,1
DA:108,1
DA:109,1
DA:110,1
DA:111,1
DA:112,1
DA:113,1
DA:114,1
DA:115,1
DA:116,1
DA:117,5
DA:118,5
DA:119,5
DA:120,5
DA:121,1
DA:122,1
DA:123,1
DA:124,1
DA:125,1
DA:126,1
DA:127,1
DA:128,1
DA:129,1
DA:130,1
DA:131,1
DA:132,1
DA:133,1
DA:134,1
DA:135,1
DA:136,1
DA:137,1
DA:138,1
DA:139,1
DA:140,1
DA:141,1
DA:142,1
DA:143,3
DA:144,3
DA:145,3
DA:146,3
DA:147,3
DA:148,3
DA:149,3
DA:150,3
DA:151,1
DA:152,2
DA:153,2
DA:154,2
DA:155,2
DA:156,2
DA:157,2
DA:158,2
DA:159,2
DA:160,1
DA:161,1
DA:162,1
DA:163,1
DA:164,1
DA:165,1
DA:166,1
DA:167,1
DA:168,1
DA:169,1
DA:170,1
DA:171,1
DA:172,1
DA:173,1
LF:173
LH:173
BRDA:16,0,0,19
BRDA:20,1,0,1
BRDA:28,2,0,1
BRDA:36,3,0,1
BRDA:46,4,0,1
BRDA:56,5,0,1
BRDA:64,6,0,1
BRDA:72,7,0,1
BRDA:80,8,0,1
BRDA:94,9,0,1
BRDA:106,10,0,1
BRDA:117,11,0,5
BRDA:120,12,0,1
BRDA:125,13,0,1
BRDA:134,14,0,1
BRDA:143,15,0,3
BRDA:152,16,0,2
BRDA:161,17,0,1
BRF:18
BRH:18
end_of_record
TN:
SF:src\api\http.ts
FN:1,(empty-report)
FNF:1
FNH:0
FNDA:0,(empty-report)
DA:1,0
DA:2,0
DA:3,0
DA:4,0
DA:5,0
DA:6,0
LF:6
LH:0
BRDA:1,0,0,0
BRF:1
BRH:0
end_of_record
TN:
SF:src\api\problems.ts
FN:6,throwOnError
FN:10,apiListProblems
FN:18,apiGetProblem
FN:26,apiCreateProblem
FN:36,apiUpdateProblem
FN:50,apiDeleteProblem
FN:58,apiListTestCases
FN:66,apiCreateTestCase
FN:97,apiUpdateTestCase
FN:129,apiDeleteTestCase
FNF:10
FNH:0
FNDA:0,throwOnError
FNDA:0,apiListProblems
FNDA:0,apiGetProblem
FNDA:0,apiCreateProblem
FNDA:0,apiUpdateProblem
FNDA:0,apiDeleteProblem
FNDA:0,apiListTestCases
FNDA:0,apiCreateTestCase
FNDA:0,apiUpdateTestCase
FNDA:0,apiDeleteTestCase
DA:1,1
DA:2,1
DA:3,1
DA:4,1
DA:5,1
DA:6,0
DA:7,0
DA:8,0
DA:9,1
DA:10,0
DA:11,0
DA:12,0
DA:13,0
DA:14,0
DA:15,0
DA:16,0
DA:17,1
DA:18,0
DA:19,0
DA:20,0
DA:21,0
DA:22,0
DA:23,0
DA:24,0
DA:25,1
DA:26,0
DA:27,0
DA:28,0
DA:29,0
DA:30,0
DA:31,0
DA:32,0
DA:33,0
DA:34,0
DA:35,1
DA:36,0
DA:37,0
DA:38,0
DA:39,0
DA:40,0
DA:41,0
DA:42,0
DA:43,0
DA:44,0
DA:45,0
DA:46,0
DA:47,0
DA:48,0
DA:49,1
DA:50,0
DA:51,0
DA:52,0
DA:53,0
DA:54,0
DA:55,0
DA:56,0
DA:57,1
DA:58,0
DA:59,0
DA:60,0
DA:61,0
DA:62,0
DA:63,0
DA:64,0
DA:65,1
DA:66,0
DA:67,0
DA:68,0
DA:69,0
DA:70,0
DA:71,0
DA:72,0
DA:73,0
DA:74,0
DA:75,0
DA:76,0
DA:77,0
DA:78,0
DA:79,0
DA:80,0
DA:81,0
DA:82,0
DA:83,0
DA:84,0
DA:85,0
DA:86,0
DA:87,0
DA:88,0
DA:89,0
DA:90,0
DA:91,0
DA:92,0
DA:93,0
DA:94,0
DA:95,0
DA:96,1
DA:97,0
DA:98,0
DA:99,0
DA:100,0
DA:101,0
DA:102,0
DA:103,0
DA:104,0
DA:105,0
DA:106,0
DA:107,0
DA:108,0
DA:109,0
DA:110,0
DA:111,0
DA:112,0
DA:113,0
DA:114,0
DA:115,0
DA:116,0
DA:117,0
DA:118,0
DA:119,0
DA:120,0
DA:121,0
DA:122,0
DA:123,0
DA:124,0
DA:125,0
DA:126,0
DA:127,0
DA:128,1
DA:129,0
DA:130,0
DA:131,0
DA:132,0
DA:133,0
DA:134,0
DA:135,0
DA:136,0
DA:137,0
DA:138,0
DA:139,0
LF:139
LH:14
BRF:0
BRH:0
end_of_record
TN:
SF:src\api\submissions.ts
FN:12,apiCreateSubmission
FN:28,apiGetSubmission
FN:36,apiListSubmissions
FN:51,apiCreateSubmissionRun
FN:73,apiGetSubmissionRun
FNF:5
FNH:5
FNDA:1,apiCreateSubmission
FNDA:1,apiGetSubmission
FNDA:1,apiListSubmissions
FNDA:1,apiCreateSubmissionRun
FNDA:1,apiGetSubmissionRun
DA:1,1
DA:2,1
DA:3,1
DA:4,1
DA:5,1
DA:6,1
DA:7,1
DA:8,1
DA:9,1
DA:10,1
DA:11,1
DA:12,1
DA:13,1
DA:14,1
DA:15,1
DA:16,1
DA:17,1
DA:18,1
DA:19,1
DA:20,1
DA:21,1
DA:22,1
DA:23,1
DA:24,1
DA:25,1
DA:26,1
DA:27,1
DA:28,1
DA:29,1
DA:30,1
DA:31,1
DA:32,1
DA:33,1
DA:34,1
DA:35,1
DA:36,1
DA:37,1
DA:38,1
DA:39,1
DA:40,1
DA:41,1
DA:42,1
DA:43,1
DA:44,1
DA:45,1
DA:46,1
DA:47,1
DA:48,1
DA:49,1
DA:50,1
DA:51,1
DA:52,1
DA:53,1
DA:54,1
DA:55,1
DA:56,1
DA:57,1
DA:58,1
DA:59,1
DA:60,1
DA:61,1
DA:62,1
DA:63,1
DA:64,1
DA:65,1
DA:66,1
DA:67,1
DA:68,1
DA:69,1
DA:70,1
DA:71,1
DA:72,1
DA:73,1
DA:74,1
DA:75,1
DA:76,1
DA:77,1
DA:78,1
DA:79,1
DA:80,1
DA:81,1
DA:82,1
LF:82
LH:82
BRDA:12,0,0,1
BRDA:28,1,0,1
BRDA:36,2,0,1
BRDA:42,3,0,0
BRDA:51,4,0,1
BRDA:73,5,0,1
BRF:6
BRH:5
end_of_record
TN:
SF:src\components\AppShell.tsx
FN:58,AppShell
FN:72,syncLock
FN:98,handleLogout
FN:145,className
FNF:4
FNH:4
FNDA:52,AppShell
FNDA:7,syncLock
FNDA:2,handleLogout
FNDA:56,className
DA:1,1
DA:2,1
DA:3,1
DA:4,1
DA:5,1
DA:6,1
DA:7,1
DA:8,1
DA:9,1
DA:10,1
DA:11,1
DA:12,1
DA:13,1
DA:14,1
DA:15,1
DA:16,1
DA:17,1
DA:18,1
DA:19,1
DA:20,1
DA:21,1
DA:22,1
DA:23,1
DA:24,1
DA:25,1
DA:26,1
DA:27,1
DA:28,1
DA:29,1
DA:30,1
DA:31,1
DA:32,1
DA:33,1
DA:34,1
DA:35,1
DA:36,1
DA:37,1
DA:38,1
DA:39,1
DA:40,1
DA:41,1
DA:42,1
DA:43,1
DA:44,1
DA:45,1
DA:46,1
DA:47,1
DA:48,1
DA:49,1
DA:50,1
DA:51,1
DA:52,1
DA:53,1
DA:54,1
DA:55,1
DA:56,1
DA:57,1
DA:58,52
DA:59,52
DA:60,52
DA:61,52
DA:62,52
DA:63,52
DA:64,52
DA:65,52
DA:66,52
DA:67,52
DA:68,52
DA:69,52
DA:70,52
DA:71,52
DA:72,18
DA:73,7
DA:74,7
DA:75,18
DA:76,18
DA:77,18
DA:78,18
DA:79,18
DA:80,18
DA:81,18
DA:82,52
DA:83,52
DA:84,52
DA:85,19
DA:86,19
DA:87,19
DA:88,1
DA:89,1
DA:90,52
DA:91,52
DA:92,52
DA:93,34
DA:94,0
DA:95,0
DA:96,52
DA:97,52
DA:98,52
DA:99,2
DA:100,2
DA:101,2
DA:102,1
DA:103,1
DA:104,1
DA:105,2
DA:106,52
DA:107,52
DA:108,52
DA:109,52
DA:110,52
DA:111,52
DA:112,52
DA:113,52
DA:114,52
DA:115,52
DA:116,52
DA:117,52
DA:118,52
DA:119,52
DA:120,106
DA:121,106
DA:122,36
DA:123,36
DA:124,106
DA:125,106
DA:126,72
DA:127,36
DA:128,106
DA:129,106
DA:130,106
DA:131,38
DA:132,38
DA:133,38
DA:134,38
DA:135,38
DA:136,38
DA:137,38
DA:138,38
DA:139,38
DA:140,38
DA:141,68
DA:142,68
DA:143,68
DA:144,68
DA:145,68
DA:146,56
DA:147,56
DA:148,56
DA:149,1
DA:150,55
DA:151,56
DA:152,68
DA:153,68
DA:154,68
DA:155,68
DA:156,106
DA:157,52
DA:158,52
DA:159,52
DA:160,52
DA:161,51
DA:162,51
DA:163,51
DA:164,51
DA:165,51
DA:166,51
DA:167,51
DA:168,51
DA:169,51
DA:170,51
DA:171,51
DA:172,51
DA:173,51
DA:174,51
DA:175,51
DA:176,51
DA:177,51
DA:178,51
DA:179,51
DA:180,51
DA:181,51
DA:182,51
DA:183,51
DA:184,51
DA:185,52
DA:186,52
DA:187,52
DA:188,52
DA:189,52
DA:190,52
DA:191,31
DA:192,31
DA:193,31
DA:194,31
DA:195,31
DA:196,31
DA:197,31
DA:198,0
DA:199,31
DA:200,31
DA:201,31
DA:202,1
DA:203,1
DA:204,1
DA:205,31
DA:206,31
DA:207,31
DA:208,31
DA:209,31
DA:210,31
DA:211,31
DA:212,31
DA:213,31
DA:214,31
DA:215,52
DA:216,52
DA:217,52
DA:218,52
LF:218
LH:215
BRDA:58,0,0,52
BRDA:64,1,0,51
BRDA:64,2,0,0
BRDA:66,3,0,36
BRDA:160,4,0,51
BRDA:178,5,0,47
BRDA:179,6,0,4
BRDA:179,7,0,47
BRDA:182,8,0,4
BRDA:182,9,0,47
BRDA:190,10,0,36
BRDA:190,11,0,5
BRDA:190,12,0,31
BRDA:194,13,0,0
BRDA:197,14,0,0
BRDA:201,15,0,1
BRDA:63,16,0,18
BRDA:71,17,0,18
BRDA:72,18,0,7
BRDA:78,19,0,18
BRDA:84,20,0,19
BRDA:87,21,0,9
BRDA:87,22,0,1
BRDA:92,23,0,34
BRDA:93,24,0,24
BRDA:93,25,0,0
BRDA:98,26,0,2
BRDA:101,27,0,1
BRDA:119,28,0,106
BRDA:121,29,0,72
BRDA:121,30,0,36
BRDA:125,31,0,72
BRDA:126,32,0,36
BRDA:130,33,0,38
BRDA:140,34,0,68
BRDA:145,35,0,56
BRDA:148,36,0,1
BRDA:149,37,0,55
BRF:38
BRH:34
end_of_record
TN:
SF:src\components\RequireAuth.tsx
FN:11,RequireAuth
FNF:1
FNH:1
FNDA:6,RequireAuth
DA:1,1
DA:2,1
DA:3,1
DA:4,1
DA:5,1
DA:6,1
DA:7,1
DA:8,1
DA:9,1
DA:10,1
DA:11,6
DA:12,6
DA:13,6
DA:14,6
DA:15,6
DA:16,3
DA:17,6
DA:18,6
DA:19,2
DA:20,2
DA:21,2
LF:21
LH:21
BRDA:11,0,0,6
BRDA:15,1,0,3
BRDA:17,2,0,1
BRDA:17,3,0,2
BRDA:18,4,0,1
BRDA:18,5,0,1
BRDA:18,6,0,0
BRDA:18,7,0,2
BRF:8
BRH:7
end_of_record
TN:
SF:src\components\VerdictBadge.tsx
FN:20,VerdictBadge
FNF:1
FNH:1
FNDA:39,VerdictBadge
DA:1,1
DA:2,1
DA:3,1
DA:4,1
DA:5,1
DA:6,1
DA:7,1
DA:8,1
DA:9,1
DA:10,1
DA:11,1
DA:12,1
DA:13,1
DA:14,1
DA:15,1
DA:16,1
DA:17,1
DA:18,1
DA:19,1
DA:20,39
DA:21,39
DA:22,39
DA:23,39
DA:24,39
DA:25,39
DA:26,39
DA:27,39
DA:28,39
LF:28
LH:28
BRDA:20,0,0,39
BRDA:21,1,0,1
BRDA:25,2,0,16
BRDA:25,3,0,11
BRDA:25,4,0,5
BRDA:25,5,0,23
BRF:6
BRH:6
end_of_record
TN:
SF:src\contexts\AuthContext.tsx
FN:21,getJwtExpSeconds
FN:38,isAccessTokenFresh
FN:44,AuthProvider
FN:108,useAuthContext
FNF:4
FNH:4
FNDA:3,getJwtExpSeconds
FNDA:3,isAccessTokenFresh
FNDA:32,AuthProvider
FNDA:101,useAuthContext
DA:1,1
DA:2,1
DA:3,1
DA:4,1
DA:5,1
DA:6,1
DA:7,1
DA:8,1
DA:9,1
DA:10,1
DA:11,1
DA:12,1
DA:13,1
DA:14,1
DA:15,1
DA:16,1
DA:17,1
DA:18,1
DA:19,1
DA:20,1
DA:21,3
DA:22,3
DA:23,3
DA:24,3
DA:25,3
DA:26,3
DA:27,3
DA:28,3
DA:29,3
DA:30,3
DA:31,3
DA:32,3
DA:33,3
DA:34,0
DA:35,0
DA:36,3
DA:37,1
DA:38,3
DA:39,3
DA:40,3
DA:41,3
DA:42,3
DA:43,1
DA:44,1
DA:45,32
DA:46,32
DA:47,32
DA:48,32
DA:49,13
DA:50,13
DA:51,10
DA:52,10
DA:53,10
DA:54,3
DA:55,3
DA:56,3
DA:57,3
DA:58,3
DA:59,3
DA:60,3
DA:61,0
DA:62,0
DA:63,3
DA:64,32
DA:65,32
DA:66,32
DA:67,4
DA:68,4
DA:69,4
DA:70,4
DA:71,4
DA:72,32
DA:73,32
DA:74,32
DA:75,0
DA:76,0
DA:77,0
DA:78,0
DA:79,0
DA:80,0
DA:81,32
DA:82,32
DA:83,32
DA:84,3
DA:85,1
DA:86,1
DA:87,2
DA:88,2
DA:89,3
DA:90,2
DA:91,2
DA:92,1
DA:93,1
DA:94,1
DA:95,1
DA:96,1
DA:97,1
DA:98,1
DA:99,32
DA:100,32
DA:101,32
DA:102,32
DA:103,32
DA:104,32
DA:105,32
DA:106,32
DA:107,1
DA:108,1
DA:109,101
DA:110,101
DA:111,101
DA:112,101
LF:112
LH:102
BRDA:21,0,0,3
BRDA:23,1,0,0
BRDA:32,2,0,0
BRDA:33,3,0,0
BRDA:38,4,0,3
BRDA:40,5,0,0
BRDA:44,6,0,32
BRDA:48,7,0,13
BRDA:50,8,0,11
BRDA:50,9,0,10
BRDA:53,10,0,3
BRDA:51,11,0,10
BRDA:55,12,0,3
BRDA:56,13,0,3
BRDA:66,14,0,4
BRDA:83,15,0,3
BRDA:84,16,0,1
BRDA:86,17,0,2
BRDA:89,18,0,0
BRDA:89,19,0,2
BRDA:91,20,0,1
BRDA:92,21,0,1
BRDA:108,22,0,101
BRDA:110,23,0,0
BRF:24
BRH:18
end_of_record
TN:
SF:src\hooks\useAuth.ts
FN:5,useAuth
FN:9,login
FN:15,logout
FNF:3
FNH:2
FNDA:80,useAuth
FNDA:3,login
FNDA:0,logout
DA:1,1
DA:2,1
DA:3,1
DA:4,1
DA:5,1
DA:6,80
DA:7,80
DA:8,80
DA:9,80
DA:10,3
DA:11,1
DA:12,1
DA:13,3
DA:14,80
DA:15,80
DA:16,0
DA:17,0
DA:18,0
DA:19,80
DA:20,80
DA:21,80
LF:21
LH:18
BRDA:5,0,0,80
BRDA:9,1,0,3
BRDA:10,2,0,1
BRF:3
BRH:3
end_of_record
TN:
SF:src\hooks\useExamProctoring.ts
FN:7,isCompliant
FN:13,violatingEventType
FN:20,useExamProctoring
FN:94,onFullscreenChange
FN:98,onVisibilityChange
FN:99,onBlur
FN:100,onFocus
FNF:7
FNH:4
FNDA:14,isCompliant
FNDA:31,violatingEventType
FNDA:63,useExamProctoring
FNDA:3,onFullscreenChange
FNDA:0,onVisibilityChange
FNDA:0,onBlur
FNDA:0,onFocus
DA:1,1
DA:2,1
DA:3,1
DA:4,1
DA:5,1
DA:6,1
DA:7,14
DA:8,14
DA:9,3
DA:10,3
DA:11,14
DA:12,1
DA:13,31
DA:14,31
DA:15,0
DA:16,0
DA:17,0
DA:18,0
DA:19,1
DA:20,1
DA:21,63
DA:22,63
DA:23,63
DA:24,63
DA:25,63
DA:26,63
DA:27,63
DA:28,63
DA:29,63
DA:30,63
DA:31,63
DA:32,63
DA:33,63
DA:34,63
DA:35,22
DA:36,22
DA:37,22
DA:38,22
DA:39,22
DA:40,22
DA:41,63
DA:42,63
DA:43,63
DA:44,11
DA:45,11
DA:46,11
DA:47,11
DA:48,9
DA:49,9
DA:50,9
DA:51,9
DA:52,2
DA:53,2
DA:54,63
DA:55,63
DA:56,63
DA:57,5
DA:58,5
DA:59,5
DA:60,5
DA:61,5
DA:62,5
DA:63,5
DA:64,5
DA:65,0
DA:66,0
DA:67,63
DA:68,63
DA:69,63
DA:70,14
DA:71,14
DA:72,14
DA:73,14
DA:74,14
DA:75,11
DA:76,11
DA:77,11
DA:78,11
DA:79,11
DA:80,14
DA:81,14
DA:82,2
DA:83,2
DA:84,2
DA:85,2
DA:86,2
DA:87,14
DA:88,14
DA:89,63
DA:90,63
DA:91,63
DA:92,22
DA:93,11
DA:94,11
DA:95,3
DA:96,3
DA:97,3
DA:98,11
DA:99,11
DA:100,11
DA:101,11
DA:102,11
DA:103,11
DA:104,11
DA:105,11
DA:106,11
DA:107,11
DA:108,11
DA:109,11
DA:110,11
DA:111,11
DA:112,11
DA:113,11
DA:114,11
DA:115,63
DA:116,63
DA:117,63
DA:118,22
DA:119,11
DA:120,11
DA:121,24
DA:122,24
DA:123,24
DA:124,24
DA:125,24
DA:126,24
DA:127,1
DA:128,1
DA:129,1
DA:130,11
DA:131,11
DA:132,11
DA:133,63
DA:134,63
DA:135,63
DA:136,3
DA:137,3
DA:138,3
DA:139,3
DA:140,2
DA:141,2
DA:142,2
DA:143,2
DA:144,2
DA:145,2
DA:146,2
DA:147,2
DA:148,3
DA:149,1
DA:150,1
DA:151,63
DA:152,63
DA:153,63
DA:154,63
DA:155,63
DA:156,63
DA:157,63
DA:158,63
DA:159,63
DA:160,63
DA:161,63
DA:162,63
DA:163,63
LF:163
LH:157
BRDA:7,0,0,14
BRDA:8,1,0,3
BRDA:9,2,0,3
BRDA:13,3,0,31
BRDA:14,4,0,0
BRDA:20,5,0,63
BRDA:161,6,0,31
BRDA:161,7,0,32
BRDA:34,8,0,22
BRDA:35,9,0,11
BRDA:43,10,0,11
BRDA:44,11,0,0
BRDA:47,12,0,9
BRDA:47,13,0,2
BRDA:51,14,0,2
BRDA:56,15,0,5
BRDA:57,16,0,0
BRDA:60,17,0,0
BRDA:64,18,0,0
BRDA:69,19,0,14
BRDA:70,20,0,0
BRDA:74,21,0,11
BRDA:74,22,0,11
BRDA:81,23,0,3
BRDA:81,24,0,2
BRDA:91,25,0,22
BRDA:92,26,0,11
BRDA:92,27,0,11
BRDA:94,28,0,3
BRDA:109,29,0,11
BRDA:117,30,0,22
BRDA:118,31,0,11
BRDA:118,32,0,11
BRDA:120,33,0,24
BRDA:121,34,0,0
BRDA:126,35,0,5
BRDA:126,36,0,1
BRDA:132,37,0,11
BRDA:135,38,0,3
BRDA:136,39,0,0
BRDA:139,40,0,2
BRDA:148,41,0,1
BRF:42
BRH:34
end_of_record
TN:
SF:src\hooks\useSubmissionPoller.ts
FN:7,useSubmissionPoller
FN:20,stop
FN:27,poll
FNF:3
FNH:3
FNDA:5,useSubmissionPoller
FNDA:4,stop
FNDA:3,poll
DA:1,1
DA:2,1
DA:3,1
DA:4,1
DA:5,1
DA:6,1
DA:7,1
DA:8,5
DA:9,5
DA:10,5
DA:11,5
DA:12,5
DA:13,5
DA:14,5
DA:15,5
DA:16,2
DA:17,2
DA:18,2
DA:19,2
DA:20,2
DA:21,4
DA:22,2
DA:23,2
DA:24,2
DA:25,4
DA:26,2
DA:27,2
DA:28,3
DA:29,3
DA:30,3
DA:31,3
DA:32,3
DA:33,3
DA:34,3
DA:35,0
DA:36,0
DA:37,0
DA:38,3
DA:39,2
DA:40,2
DA:41,2
DA:42,2
DA:43,5
DA:44,5
DA:45,5
DA:46,5
LF:46
LH:43
BRDA:7,0,0,5
BRDA:15,1,0,2
BRDA:16,2,0,0
BRDA:20,3,0,4
BRDA:21,4,0,2
BRDA:27,5,0,3
BRDA:30,6,0,0
BRDA:33,7,0,2
BRDA:34,8,0,0
BRF:9
BRH:6
end_of_record
TN:
SF:src\pages\CandidateDashboard.tsx
FN:28,examStatus
FN:36,latestSubmissionByExam
FN:46,isProctoringLockError
FN:52,CandidateDashboard
FN:76,loadExams
FN:132,openExam
FN:136,handleStartExam
FN:158,handleContinueExam
FN:178,exams.reduce.Active
FN:248,onChange
FN:254,onChange
FN:375,onClick
FNF:12
FNH:12
FNDA:159,examStatus
FNDA:8,latestSubmissionByExam
FNDA:2,isProctoringLockError
FNDA:38,CandidateDashboard
FNDA:9,loadExams
FNDA:1,openExam
FNDA:2,handleStartExam
FNDA:1,handleContinueExam
FNDA:24,exams.reduce.Active
FNDA:6,onChange
FNDA:1,onChange
FNDA:3,onClick
DA:1,1
DA:2,1
DA:3,1
DA:4,1
DA:5,1
DA:6,1
DA:7,1
DA:8,1
DA:9,1
DA:10,1
DA:11,1
DA:12,1
DA:13,1
DA:14,1
DA:15,1
DA:16,1
DA:17,1
DA:18,1
DA:19,1
DA:20,1
DA:21,1
DA:22,1
DA:23,1
DA:24,1
DA:25,1
DA:26,1
DA:27,1
DA:28,159
DA:29,159
DA:30,159
DA:31,159
DA:32,159
DA:33,50
DA:34,50
DA:35,1
DA:36,8
DA:37,8
DA:38,8
DA:39,8
DA:40,8
DA:41,8
DA:42,8
DA:43,8
DA:44,8
DA:45,1
DA:46,2
DA:47,2
DA:48,2
DA:49,2
DA:50,2
DA:51,1
DA:52,38
DA:53,38
DA:54,38
DA:55,38
DA:56,38
DA:57,38
DA:58,38
DA:59,38
DA:60,38
DA:61,38
DA:62,38
DA:63,38
DA:64,38
DA:65,38
DA:66,38
DA:67,38
DA:68,38
DA:69,9
DA:70,9
DA:71,38
DA:72,38
DA:73,38
DA:74,9
DA:75,9
DA:76,9
DA:77,9
DA:78,9
DA:79,9
DA:80,9
DA:81,9
DA:82,9
DA:83,8
DA:84,8
DA:85,24
DA:86,21
DA:87,8
DA:88,8
DA:89,8
DA:90,8
DA:91,8
DA:92,8
DA:93,8
DA:94,8
DA:95,24
DA:96,24
DA:97,11
DA:98,11
DA:99,13
DA:100,13
DA:101,11
DA:102,24
DA:103,2
DA:104,0
DA:105,0
DA:106,8
DA:107,8
DA:108,8
DA:109,8
DA:110,8
DA:111,8
DA:112,8
DA:113,8
DA:114,8
DA:115,8
DA:116,8
DA:117,8
DA:118,8
DA:119,9
DA:120,1
DA:121,9
DA:122,9
DA:123,9
DA:124,9
DA:125,9
DA:126,9
DA:127,9
DA:128,9
DA:129,9
DA:130,38
DA:131,38
DA:132,38
DA:133,1
DA:134,1
DA:135,38
DA:136,38
DA:137,2
DA:138,2
DA:139,2
DA:140,2
DA:141,2
DA:142,2
DA:143,2
DA:144,1
DA:145,1
DA:146,1
DA:147,1
DA:148,1
DA:149,1
DA:150,1
DA:151,1
DA:152,1
DA:153,2
DA:154,2
DA:155,2
DA:156,2
DA:157,38
DA:158,38
DA:159,1
DA:160,1
DA:161,1
DA:162,1
DA:163,1
DA:164,1
DA:165,1
DA:166,1
DA:167,1
DA:168,1
DA:169,1
DA:170,0
DA:171,1
DA:172,1
DA:173,1
DA:174,1
DA:175,38
DA:176,38
DA:177,17
DA:178,17
DA:179,24
DA:180,24
DA:181,24
DA:182,17
DA:183,17
DA:184,38
DA:185,38
DA:186,38
DA:187,24
DA:188,24
DA:189,24
DA:190,45
DA:191,45
DA:192,45
DA:193,6
DA:194,6
DA:195,6
DA:196,45
DA:197,24
DA:198,24
DA:199,16
DA:200,16
DA:201,16
DA:202,0
DA:203,0
DA:204,0
DA:205,0
DA:206,16
DA:207,0
DA:208,0
DA:209,16
DA:210,24
DA:211,38
DA:212,38
DA:213,38
DA:214,9
DA:215,9
DA:216,29
DA:217,38
DA:218,3
DA:219,3
DA:220,26
DA:221,26
DA:222,26
DA:223,26
DA:224,26
DA:225,26
DA:226,26
DA:227,26
DA:228,38
DA:229,38
DA:230,38
DA:231,38
DA:232,38
DA:233,38
DA:234,38
DA:235,2
DA:236,2
DA:237,2
DA:238,2
DA:239,2
DA:240,2
DA:241,38
DA:242,38
DA:243,38
DA:244,38
DA:245,38
DA:246,38
DA:247,38
DA:248,38
DA:249,38
DA:250,38
DA:251,38
DA:252,38
DA:253,38
DA:254,38
DA:255,38
DA:256,38
DA:257,38
DA:258,38
DA:259,38
DA:260,38
DA:261,38
DA:262,38
DA:263,38
DA:264,38
DA:265,0
DA:266,0
DA:267,0
DA:268,26
DA:269,6
DA:270,6
DA:271,6
DA:272,20
DA:273,20
DA:274,20
DA:275,20
DA:276,20
DA:277,20
DA:278,20
DA:279,20
DA:280,20
DA:281,20
DA:282,20
DA:283,20
DA:284,20
DA:285,20
DA:286,20
DA:287,20
DA:288,58
DA:289,58
DA:290,58
DA:291,58
DA:292,58
DA:293,58
DA:294,7
DA:295,51
DA:296,10
DA:297,41
DA:298,19
DA:299,22
DA:300,58
DA:301,58
DA:302,58
DA:303,58
DA:304,58
DA:305,58
DA:306,58
DA:307,58
DA:308,58
DA:309,58
DA:310,58
DA:311,58
DA:312,58
DA:313,58
DA:314,58
DA:315,58
DA:316,6
DA:317,6
DA:318,6
DA:319,6
DA:320,6
DA:321,6
DA:322,6
DA:323,6
DA:324,6
DA:325,6
DA:326,6
DA:327,6
DA:328,6
DA:329,6
DA:330,58
DA:331,58
DA:332,58
DA:333,58
DA:334,58
DA:335,58
DA:336,58
DA:337,58
DA:338,58
DA:339,58
DA:340,58
DA:341,4
DA:342,54
DA:343,54
DA:344,58
DA:345,58
DA:346,58
DA:347,58
DA:348,58
DA:349,58
DA:350,58
DA:351,58
DA:352,58
DA:353,58
DA:354,19
DA:355,19
DA:356,19
DA:357,19
DA:358,19
DA:359,19
DA:360,39
DA:361,39
DA:362,58
DA:363,58
DA:364,58
DA:365,58
DA:366,6
DA:367,6
DA:368,6
DA:369,6
DA:370,6
DA:371,6
DA:372,52
DA:373,17
DA:374,17
DA:375,17
DA:376,17
DA:377,17
DA:378,17
DA:379,17
DA:380,17
DA:381,17
DA:382,35
DA:383,35
DA:384,58
DA:385,58
DA:386,58
DA:387,58
DA:388,20
DA:389,20
DA:390,20
DA:391,20
DA:392,38
DA:393,38
DA:394,38
DA:395,38
LF:395
LH:383
BRDA:28,0,0,159
BRDA:31,1,0,59
BRDA:31,2,0,100
BRDA:32,3,0,50
BRDA:36,4,0,8
BRDA:37,5,0,8
BRDA:39,6,0,0
BRDA:46,7,0,2
BRDA:52,8,0,38
BRDA:55,9,0,35
BRDA:213,10,0,9
BRDA:215,11,0,29
BRDA:217,12,0,3
BRDA:219,13,0,26
BRDA:228,14,0,2
BRDA:228,15,0,24
BRDA:234,16,0,2
BRDA:264,17,0,0
BRDA:267,18,0,26
BRDA:268,19,0,6
BRDA:271,20,0,20
BRDA:63,21,0,9
BRDA:68,22,0,9
BRDA:70,23,0,9
BRDA:73,24,0,9
BRDA:76,25,0,9
BRDA:81,26,0,0
BRDA:82,27,0,8
BRDA:119,28,0,1
BRDA:84,29,0,24
BRDA:85,30,0,3
BRDA:85,31,0,21
BRDA:90,32,0,24
BRDA:94,33,0,24
BRDA:96,34,0,21
BRDA:96,35,0,21
BRDA:96,36,0,11
BRDA:98,37,0,13
BRDA:100,38,0,11
BRDA:102,39,0,2
BRDA:103,40,0,0
BRDA:113,41,0,24
BRDA:115,42,0,24
BRDA:115,43,0,2
BRDA:127,44,0,9
BRDA:132,45,0,1
BRDA:136,46,0,2
BRDA:141,47,0,0
BRDA:142,48,0,1
BRDA:143,49,0,1
BRDA:158,50,0,1
BRDA:169,51,0,0
BRDA:176,52,0,17
BRDA:178,53,0,24
BRDA:186,54,0,24
BRDA:189,55,0,45
BRDA:191,56,0,21
BRDA:191,57,0,14
BRDA:191,58,0,31
BRDA:192,59,0,25
BRDA:192,60,0,6
BRDA:195,61,0,0
BRDA:198,62,0,16
BRDA:201,63,0,0
BRDA:204,64,0,0
BRDA:206,65,0,0
BRDA:207,66,0,0
BRDA:209,67,0,0
BRDA:209,68,0,0
BRDA:248,69,0,6
BRDA:254,70,0,1
BRDA:287,71,0,58
BRDA:291,72,0,19
BRDA:291,73,0,39
BRDA:291,74,0,0
BRDA:293,75,0,52
BRDA:293,76,0,7
BRDA:294,77,0,51
BRDA:295,78,0,45
BRDA:295,79,0,10
BRDA:296,80,0,41
BRDA:297,81,0,22
BRDA:297,82,0,18
BRDA:297,83,0,19
BRDA:298,84,0,22
BRDA:300,85,0,52
BRDA:300,86,0,51
BRDA:300,87,0,45
BRDA:315,88,0,6
BRDA:340,89,0,4
BRDA:341,90,0,54
BRDA:343,91,0,0
BRDA:353,92,0,19
BRDA:359,93,0,39
BRDA:365,94,0,6
BRDA:371,95,0,52
BRDA:372,96,0,17
BRDA:380,97,0,3
BRDA:380,98,0,14
BRDA:381,99,0,35
BRDA:375,100,0,3
BRDA:375,101,0,2
BRDA:375,102,0,1
BRF:103
BRH:88
end_of_record
TN:
SF:src\pages\ErrorPage.tsx
FN:14,ErrorPage
FN:25,onClick
FN:28,onClick
FNF:3
FNH:3
FNDA:7,ErrorPage
FNDA:1,onClick
FNDA:1,onClick
DA:1,1
DA:2,1
DA:3,1
DA:4,1
DA:5,1
DA:6,1
DA:7,1
DA:8,1
DA:9,1
DA:10,1
DA:11,1
DA:12,1
DA:13,1
DA:14,7
DA:15,7
DA:16,7
DA:17,7
DA:18,7
DA:19,7
DA:20,7
DA:21,7
DA:22,7
DA:23,7
DA:24,7
DA:25,7
DA:26,7
DA:27,7
DA:28,7
DA:29,7
DA:30,7
DA:31,7
DA:32,7
DA:33,7
DA:34,7
DA:35,7
LF:35
LH:35
BRDA:14,0,0,7
BRDA:16,1,0,1
BRDA:21,2,0,1
BRDA:23,3,0,6
BRDA:25,4,0,1
BRDA:28,5,0,1
BRF:6
BRH:6
end_of_record
TN:
SF:src\pages\ExamDetail.tsx
FN:13,ExamDetail
FN:48,loadData
FN:67,formatForInput
FN:96,handleEditClick
FN:124,handleSelectAllProblems
FN:129,handleDeselectAllProblems
FN:134,handleSelectAllCandidates
FN:139,handleDeselectAllCandidates
FN:144,toggleProblem
FN:148,toggleCandidate
FN:152,handleSave
FN:207,handleDelete
FN:225,onClick
FN:242,onChange
FN:252,onClick
FN:274,onChange
FN:290,onChange
FN:305,onChange
FN:322,onChange
FN:365,onChange
FN:372,onChange
FN:389,onChange
FN:449,onChange
FN:460,onChange
FNF:24
FNH:17
FNDA:65,ExamDetail
FNDA:9,loadData
FNDA:16,formatForInput
FNDA:4,handleEditClick
FNDA:0,handleSelectAllProblems
FNDA:1,handleDeselectAllProblems
FNDA:1,handleSelectAllCandidates
FNDA:0,handleDeselectAllCandidates
FNDA:1,toggleProblem
FNDA:2,toggleCandidate
FNDA:1,handleSave
FNDA:1,handleDelete
FNDA:1,onClick
FNDA:11,onChange
FNDA:1,onClick
FNDA:0,onChange
FNDA:0,onChange
FNDA:0,onChange
FNDA:0,onChange
FNDA:4,onChange
FNDA:0,onChange
FNDA:1,onChange
FNDA:3,onChange
FNDA:2,onChange
DA:1,1
DA:2,1
DA:3,1
DA:4,1
DA:5,1
DA:6,1
DA:7,1
DA:8,1
DA:9,1
DA:10,1
DA:11,1
DA:12,1
DA:13,65
DA:14,65
DA:15,65
DA:16,65
DA:17,65
DA:18,65
DA:19,65
DA:20,65
DA:21,65
DA:22,65
DA:23,65
DA:24,65
DA:25,65
DA:26,65
DA:27,65
DA:28,65
DA:29,65
DA:30,65
DA:31,65
DA:32,65
DA:33,65
DA:34,65
DA:35,65
DA:36,65
DA:37,65
DA:38,65
DA:39,65
DA:40,65
DA:41,65
DA:42,65
DA:43,65
DA:44,65
DA:45,9
DA:46,65
DA:47,65
DA:48,65
DA:49,9
DA:50,9
DA:51,9
DA:52,9
DA:53,9
DA:54,9
DA:55,9
DA:56,9
DA:57,9
DA:58,8
DA:59,8
DA:60,8
DA:61,9
DA:62,9
DA:63,9
DA:64,9
DA:65,9
DA:66,9
DA:67,9
DA:68,16
DA:69,16
DA:70,16
DA:71,9
DA:72,9
DA:73,9
DA:74,9
DA:75,9
DA:76,9
DA:77,9
DA:78,9
DA:79,9
DA:80,9
DA:81,9
DA:82,9
DA:83,9
DA:84,1
DA:85,9
DA:86,9
DA:87,9
DA:88,9
DA:89,65
DA:90,65
DA:91,17
DA:92,8
DA:93,8
DA:94,65
DA:95,65
DA:96,65
DA:97,4
DA:98,4
DA:99,4
DA:100,4
DA:101,4
DA:102,4
DA:103,4
DA:104,4
DA:105,4
DA:106,4
DA:107,65
DA:108,65
DA:109,65
DA:110,88
DA:111,88
DA:112,88
DA:113,65
DA:114,65
DA:115,65
DA:116,88
DA:117,88
DA:118,65
DA:119,65
DA:120,65
DA:121,65
DA:122,65
DA:123,65
DA:124,65
DA:125,0
DA:126,0
DA:127,0
DA:128,65
DA:129,65
DA:130,1
DA:131,1
DA:132,1
DA:133,65
DA:134,65
DA:135,1
DA:136,1
DA:137,1
DA:138,65
DA:139,65
DA:140,0
DA:141,0
DA:142,0
DA:143,65
DA:144,65
DA:145,1
DA:146,1
DA:147,65
DA:148,65
DA:149,2
DA:150,2
DA:151,65
DA:152,65
DA:153,1
DA:154,1
DA:155,1
DA:156,1
DA:157,1
DA:158,1
DA:159,1
DA:160,1
DA:161,1
DA:162,1
DA:163,1
DA:164,1
DA:165,1
DA:166,1
DA:167,1
DA:168,1
DA:169,1
DA:170,1
DA:171,1
DA:172,1
DA:173,1
DA:174,1
DA:175,1
DA:176,1
DA:177,1
DA:178,1
DA:179,1
DA:180,1
DA:181,1
DA:182,1
DA:183,1
DA:184,1
DA:185,1
DA:186,1
DA:187,1
DA:188,1
DA:189,1
DA:190,1
DA:191,1
DA:192,1
DA:193,1
DA:194,1
DA:195,1
DA:196,1
DA:197,1
DA:198,1
DA:199,1
DA:200,1
DA:201,0
DA:202,1
DA:203,1
DA:204,1
DA:205,1
DA:206,65
DA:207,65
DA:208,1
DA:209,1
DA:210,1
DA:211,1
DA:212,1
DA:213,1
DA:214,0
DA:215,0
DA:216,1
DA:217,1
DA:218,65
DA:219,65
DA:220,65
DA:221,44
DA:222,44
DA:223,44
DA:224,44
DA:225,44
DA:226,1
DA:227,1
DA:228,1
DA:229,44
DA:230,44
DA:231,65
DA:232,65
DA:233,65
DA:234,65
DA:235,65
DA:236,65
DA:237,28
DA:238,28
DA:239,28
DA:240,28
DA:241,28
DA:242,28
DA:243,28
DA:244,28
DA:245,16
DA:246,16
DA:247,65
DA:248,65
DA:249,65
DA:250,65
DA:251,28
DA:252,28
DA:253,28
DA:254,28
DA:255,28
DA:256,28
DA:257,16
DA:258,16
DA:259,16
DA:260,16
DA:261,16
DA:262,65
DA:263,65
DA:264,65
DA:265,65
DA:266,65
DA:267,65
DA:268,65
DA:269,65
DA:270,65
DA:271,28
DA:272,28
DA:273,28
DA:274,28
DA:275,28
DA:276,16
DA:277,16
DA:278,16
DA:279,16
DA:280,65
DA:281,65
DA:282,65
DA:283,65
DA:284,65
DA:285,65
DA:286,65
DA:287,28
DA:288,28
DA:289,28
DA:290,28
DA:291,28
DA:292,28
DA:293,16
DA:294,16
DA:295,16
DA:296,16
DA:297,65
DA:298,65
DA:299,65
DA:300,65
DA:301,65
DA:302,28
DA:303,28
DA:304,28
DA:305,28
DA:306,28
DA:307,28
DA:308,16
DA:309,16
DA:310,16
DA:311,16
DA:312,65
DA:313,65
DA:314,65
DA:315,65
DA:316,65
DA:317,65
DA:318,28
DA:319,28
DA:320,28
DA:321,28
DA:322,28
DA:323,28
DA:324,28
DA:325,28
DA:326,28
DA:327,16
DA:328,16
DA:329,16
DA:330,16
DA:331,16
DA:332,16
DA:333,16
DA:334,65
DA:335,65
DA:336,65
DA:337,65
DA:338,65
DA:339,65
DA:340,65
DA:341,65
DA:342,65
DA:343,65
DA:344,65
DA:345,65
DA:346,65
DA:347,65
DA:348,65
DA:349,28
DA:350,28
DA:351,28
DA:352,28
DA:353,28
DA:354,65
DA:355,65
DA:356,65
DA:357,65
DA:358,28
DA:359,28
DA:360,28
DA:361,28
DA:362,28
DA:363,28
DA:364,28
DA:365,28
DA:366,28
DA:367,28
DA:368,28
DA:369,28
DA:370,28
DA:371,28
DA:372,28
DA:373,28
DA:374,28
DA:375,28
DA:376,28
DA:377,28
DA:378,28
DA:379,28
DA:380,28
DA:381,28
DA:382,28
DA:383,28
DA:384,28
DA:385,49
DA:386,49
DA:387,49
DA:388,49
DA:389,49
DA:390,49
DA:391,49
DA:392,49
DA:393,49
DA:394,49
DA:395,49
DA:396,49
DA:397,28
DA:398,28
DA:399,28
DA:400,28
DA:401,28
DA:402,16
DA:403,16
DA:404,16
DA:405,16
DA:406,16
DA:407,16
DA:408,16
DA:409,16
DA:410,16
DA:411,16
DA:412,16
DA:413,16
DA:414,16
DA:415,16
DA:416,16
DA:417,0
DA:418,0
DA:419,16
DA:420,16
DA:421,65
DA:422,65
DA:423,65
DA:424,65
DA:425,65
DA:426,65
DA:427,65
DA:428,65
DA:429,65
DA:430,65
DA:431,65
DA:432,65
DA:433,65
DA:434,28
DA:435,28
DA:436,28
DA:437,28
DA:438,28
DA:439,65
DA:440,65
DA:441,65
DA:442,65
DA:443,28
DA:444,28
DA:445,28
DA:446,28
DA:447,28
DA:448,28
DA:449,28
DA:450,28
DA:451,28
DA:452,28
DA:453,28
DA:454,28
DA:455,28
DA:456,53
DA:457,53
DA:458,53
DA:459,53
DA:460,53
DA:461,53
DA:462,53
DA:463,53
DA:464,53
DA:465,53
DA:466,53
DA:467,53
DA:468,28
DA:469,28
DA:470,28
DA:471,28
DA:472,28
DA:473,16
DA:474,16
DA:475,16
DA:476,16
DA:477,16
DA:478,16
DA:479,16
DA:480,16
DA:481,16
DA:482,16
DA:483,16
DA:484,16
DA:485,16
DA:486,0
DA:487,0
DA:488,0
DA:489,0
DA:490,16
DA:491,16
DA:492,65
DA:493,65
DA:494,65
DA:495,65
DA:496,65
DA:497,65
DA:498,65
DA:499,65
LF:499
LH:484
BRDA:13,0,0,65
BRDA:219,1,0,21
BRDA:219,2,0,20
BRDA:219,3,0,45
BRDA:220,4,0,44
BRDA:220,5,0,1
BRDA:220,6,0,0
BRDA:220,7,0,44
BRDA:231,8,0,28
BRDA:231,9,0,16
BRDA:236,10,0,28
BRDA:241,11,0,1
BRDA:244,12,0,16
BRDA:250,13,0,28
BRDA:254,14,0,1
BRDA:254,15,0,27
BRDA:256,16,0,16
BRDA:270,17,0,28
BRDA:273,18,0,0
BRDA:275,19,0,16
BRDA:278,20,0,0
BRDA:286,21,0,28
BRDA:289,22,0,0
BRDA:292,23,0,16
BRDA:301,24,0,28
BRDA:304,25,0,0
BRDA:307,26,0,16
BRDA:317,27,0,28
BRDA:321,28,0,0
BRDA:326,29,0,16
BRDA:330,30,0,0
BRDA:331,31,0,0
BRDA:343,32,0,28
BRDA:343,33,0,16
BRDA:345,34,0,28
BRDA:345,35,0,16
BRDA:348,36,0,28
BRDA:357,37,0,28
BRDA:398,38,0,0
BRDA:399,39,0,0
BRDA:401,40,0,16
BRDA:416,41,0,0
BRDA:428,42,0,28
BRDA:428,43,0,16
BRDA:430,44,0,28
BRDA:430,45,0,16
BRDA:433,46,0,28
BRDA:442,47,0,28
BRDA:469,48,0,0
BRDA:470,49,0,0
BRDA:472,50,0,16
BRDA:485,51,0,0
BRDA:44,52,0,9
BRDA:48,53,0,9
BRDA:57,54,0,8
BRDA:61,55,0,0
BRDA:79,56,0,0
BRDA:83,57,0,1
BRDA:84,58,0,0
BRDA:64,59,0,8
BRDA:67,60,0,16
BRDA:78,61,0,8
BRDA:80,62,0,16
BRDA:90,63,0,17
BRDA:91,64,0,8
BRDA:91,65,0,8
BRDA:96,66,0,4
BRDA:97,67,0,4
BRDA:98,68,0,4
BRDA:109,69,0,88
BRDA:111,70,0,0
BRDA:112,71,0,81
BRDA:115,72,0,88
BRDA:117,73,0,3
BRDA:129,74,0,1
BRDA:130,75,0,2
BRDA:131,76,0,1
BRDA:131,77,0,1
BRDA:134,78,0,1
BRDA:135,79,0,2
BRDA:135,80,0,2
BRDA:136,81,0,1
BRDA:144,82,0,1
BRDA:145,83,0,1
BRDA:145,84,0,0
BRDA:148,85,0,2
BRDA:149,86,0,2
BRDA:149,87,0,1
BRDA:149,88,0,1
BRDA:149,89,0,1
BRDA:152,90,0,1
BRDA:153,91,0,0
BRDA:158,92,0,0
BRDA:159,93,0,0
BRDA:160,94,0,0
BRDA:200,95,0,0
BRDA:207,96,0,1
BRDA:208,97,0,0
BRDA:213,98,0,0
BRDA:225,99,0,1
BRDA:226,100,0,0
BRDA:242,101,0,11
BRDA:252,102,0,1
BRDA:365,103,0,4
BRDA:384,104,0,49
BRDA:393,105,0,21
BRDA:393,106,0,28
BRDA:393,107,0,0
BRDA:389,108,0,1
BRDA:407,109,0,16
BRDA:410,110,0,0
BRDA:449,111,0,3
BRDA:455,112,0,53
BRDA:460,113,0,2
BRDA:478,114,0,16
BRF:115
BRH:86
end_of_record
TN:
SF:src\pages\ExamManagePage.tsx
FN:42,toLocalDatetime
FN:44,pad
FN:48,toIsoDatetime
FN:52,assignmentKey
FN:56,ExamManagePage
FN:82,load
FN:133,handleSave
FN:205,handleDelete
FN:231,toggleProblem
FN:235,toggleCandidate
FN:239,selectAllProblems
FN:244,clearAllProblems
FN:249,selectAllCandidates
FN:254,clearAllCandidates
FN:266,onClick
FN:306,onChange
FN:316,onChange
FN:329,onChange
FN:338,onChange
FN:348,onChange
FN:359,onChange
FN:373,onChange
FN:402,onChange
FN:407,onChange
FN:422,onChange
FN:461,onChange
FN:470,onChange
FNF:27
FNH:24
FNDA:6,toLocalDatetime
FNDA:24,pad
FNDA:4,toIsoDatetime
FNDA:3,assignmentKey
FNDA:92,ExamManagePage
FNDA:9,load
FNDA:3,handleSave
FNDA:1,handleDelete
FNDA:3,toggleProblem
FNDA:1,toggleCandidate
FNDA:1,selectAllProblems
FNDA:1,clearAllProblems
FNDA:1,selectAllCandidates
FNDA:1,clearAllCandidates
FNDA:0,onClick
FNDA:14,onChange
FNDA:16,onChange
FNDA:1,onChange
FNDA:1,onChange
FNDA:1,onChange
FNDA:0,onChange
FNDA:0,onChange
FNDA:8,onChange
FNDA:1,onChange
FNDA:3,onChange
FNDA:16,onChange
FNDA:1,onChange
DA:1,1
DA:2,1
DA:3,1
DA:4,1
DA:5,1
DA:6,1
DA:7,1
DA:8,1
DA:9,1
DA:10,1
DA:11,1
DA:12,1
DA:13,1
DA:14,1
DA:15,1
DA:16,1
DA:17,1
DA:18,1
DA:19,1
DA:20,1
DA:21,1
DA:22,1
DA:23,1
DA:24,1
DA:25,1
DA:26,1
DA:27,1
DA:28,1
DA:29,1
DA:30,1
DA:31,1
DA:32,1
DA:33,1
DA:34,1
DA:35,1
DA:36,1
DA:37,1
DA:38,1
DA:39,1
DA:40,1
DA:41,1
DA:42,6
DA:43,6
DA:44,6
DA:45,6
DA:46,6
DA:47,1
DA:48,4
DA:49,4
DA:50,4
DA:51,1
DA:52,3
DA:53,3
DA:54,3
DA:55,1
DA:56,92
DA:57,92
DA:58,92
DA:59,92
DA:60,92
DA:61,92
DA:62,92
DA:63,92
DA:64,92
DA:65,92
DA:66,92
DA:67,92
DA:68,92
DA:69,92
DA:70,92
DA:71,92
DA:72,92
DA:73,92
DA:74,92
DA:75,92
DA:76,92
DA:77,92
DA:78,92
DA:79,92
DA:80,9
DA:81,9
DA:82,9
DA:83,9
DA:84,9
DA:85,9
DA:86,9
DA:87,9
DA:88,9
DA:89,9
DA:90,9
DA:91,9
DA:92,9
DA:93,9
DA:94,9
DA:95,0
DA:96,0
DA:97,9
DA:98,9
DA:99,3
DA:100,3
DA:101,3
DA:102,3
DA:103,3
DA:104,3
DA:105,3
DA:106,3
DA:107,3
DA:108,3
DA:109,3
DA:110,3
DA:111,3
DA:112,3
DA:113,3
DA:114,3
DA:115,3
DA:116,3
DA:117,3
DA:118,3
DA:119,3
DA:120,0
DA:121,3
DA:122,3
DA:123,3
DA:124,3
DA:125,9
DA:126,9
DA:127,9
DA:128,9
DA:129,9
DA:130,9
DA:131,92
DA:132,92
DA:133,92
DA:134,3
DA:135,3
DA:136,3
DA:137,3
DA:138,1
DA:139,1
DA:140,1
DA:141,3
DA:142,3
DA:143,0
DA:144,0
DA:145,0
DA:146,2
DA:147,2
DA:148,2
DA:149,2
DA:150,2
DA:151,2
DA:152,3
DA:153,3
DA:154,3
DA:155,3
DA:156,3
DA:157,3
DA:158,3
DA:159,3
DA:160,3
DA:161,3
DA:162,1
DA:163,1
DA:164,1
DA:165,1
DA:166,1
DA:167,1
DA:168,2
DA:169,2
DA:170,2
DA:171,2
DA:172,2
DA:173,2
DA:174,2
DA:175,2
DA:176,2
DA:177,2
DA:178,2
DA:179,2
DA:180,1
DA:181,1
DA:182,2
DA:183,2
DA:184,2
DA:185,2
DA:186,2
DA:187,2
DA:188,2
DA:189,2
DA:190,2
DA:191,2
DA:192,2
DA:193,2
DA:194,2
DA:195,2
DA:196,2
DA:197,3
DA:198,3
DA:199,0
DA:200,3
DA:201,2
DA:202,2
DA:203,3
DA:204,92
DA:205,92
DA:206,1
DA:207,1
DA:208,1
DA:209,1
DA:210,1
DA:211,1
DA:212,1
DA:213,1
DA:214,0
DA:215,0
DA:216,1
DA:217,92
DA:218,92
DA:219,166
DA:220,166
DA:221,166
DA:222,92
DA:223,92
DA:224,92
DA:225,92
DA:226,166
DA:227,166
DA:228,92
DA:229,92
DA:230,92
DA:231,92
DA:232,3
DA:233,3
DA:234,92
DA:235,92
DA:236,1
DA:237,1
DA:238,92
DA:239,92
DA:240,1
DA:241,1
DA:242,1
DA:243,92
DA:244,92
DA:245,1
DA:246,1
DA:247,1
DA:248,92
DA:249,92
DA:250,1
DA:251,1
DA:252,1
DA:253,92
DA:254,92
DA:255,1
DA:256,1
DA:257,1
DA:258,92
DA:259,92
DA:260,87
DA:261,87
DA:262,87
DA:263,87
DA:264,87
DA:265,87
DA:266,87
DA:267,87
DA:268,87
DA:269,87
DA:270,87
DA:271,87
DA:272,92
DA:273,92
DA:274,92
DA:275,92
DA:276,92
DA:277,8
DA:278,8
DA:279,8
DA:280,8
DA:281,8
DA:282,8
DA:283,92
DA:284,92
DA:285,92
DA:286,92
DA:287,92
DA:288,92
DA:289,92
DA:290,92
DA:291,92
DA:292,92
DA:293,92
DA:294,92
DA:295,92
DA:296,92
DA:297,92
DA:298,92
DA:299,92
DA:300,92
DA:301,92
DA:302,92
DA:303,92
DA:304,92
DA:305,92
DA:306,92
DA:307,92
DA:308,92
DA:309,92
DA:310,92
DA:311,92
DA:312,92
DA:313,92
DA:314,92
DA:315,92
DA:316,92
DA:317,92
DA:318,92
DA:319,92
DA:320,92
DA:321,92
DA:322,92
DA:323,92
DA:324,92
DA:325,92
DA:326,92
DA:327,92
DA:328,92
DA:329,92
DA:330,92
DA:331,92
DA:332,92
DA:333,92
DA:334,92
DA:335,92
DA:336,92
DA:337,92
DA:338,92
DA:339,92
DA:340,92
DA:341,92
DA:342,92
DA:343,92
DA:344,92
DA:345,92
DA:346,92
DA:347,92
DA:348,92
DA:349,92
DA:350,92
DA:351,92
DA:352,92
DA:353,92
DA:354,92
DA:355,92
DA:356,92
DA:357,92
DA:358,92
DA:359,92
DA:360,0
DA:361,0
DA:362,0
DA:363,92
DA:364,92
DA:365,92
DA:366,92
DA:367,92
DA:368,92
DA:369,92
DA:370,92
DA:371,92
DA:372,92
DA:373,92
DA:374,0
DA:375,0
DA:376,0
DA:377,92
DA:378,92
DA:379,92
DA:380,92
DA:381,92
DA:382,92
DA:383,92
DA:384,92
DA:385,92
DA:386,92
DA:387,92
DA:388,92
DA:389,92
DA:390,92
DA:391,92
DA:392,92
DA:393,92
DA:394,92
DA:395,92
DA:396,92
DA:397,92
DA:398,92
DA:399,92
DA:400,92
DA:401,92
DA:402,92
DA:403,92
DA:404,92
DA:405,92
DA:406,92
DA:407,92
DA:408,92
DA:409,92
DA:410,92
DA:411,92
DA:412,92
DA:413,92
DA:414,92
DA:415,92
DA:416,92
DA:417,92
DA:418,151
DA:419,151
DA:420,151
DA:421,151
DA:422,151
DA:423,151
DA:424,151
DA:425,151
DA:426,151
DA:427,151
DA:428,74
DA:429,77
DA:430,77
DA:431,0
DA:432,151
DA:433,151
DA:434,151
DA:435,151
DA:436,92
DA:437,92
DA:438,92
DA:439,0
DA:440,0
DA:441,0
DA:442,92
DA:443,92
DA:444,92
DA:445,92
DA:446,92
DA:447,92
DA:448,92
DA:449,92
DA:450,92
DA:451,92
DA:452,92
DA:453,92
DA:454,92
DA:455,92
DA:456,92
DA:457,92
DA:458,92
DA:459,92
DA:460,92
DA:461,92
DA:462,92
DA:463,92
DA:464,92
DA:465,92
DA:466,144
DA:467,144
DA:468,144
DA:469,144
DA:470,144
DA:471,144
DA:472,144
DA:473,144
DA:474,144
DA:475,144
DA:476,144
DA:477,144
DA:478,92
DA:479,92
DA:480,92
DA:481,0
DA:482,0
DA:483,0
DA:484,92
DA:485,92
DA:486,92
DA:487,92
DA:488,92
DA:489,92
DA:490,92
LF:490
LH:468
BRDA:42,0,0,6
BRDA:44,1,0,24
BRDA:48,2,0,4
BRDA:52,3,0,3
BRDA:56,4,0,92
BRDA:259,5,0,5
BRDA:259,6,0,87
BRDA:272,7,0,79
BRDA:272,8,0,8
BRDA:272,9,0,2
BRDA:276,10,0,8
BRDA:290,11,0,3
BRDA:290,12,0,84
BRDA:290,13,0,78
BRDA:290,14,0,6
BRDA:295,15,0,1
BRDA:437,16,0,9
BRDA:438,17,0,0
BRDA:479,18,0,9
BRDA:480,19,0,0
BRDA:79,20,0,9
BRDA:82,21,0,9
BRDA:84,22,0,0
BRDA:91,23,0,0
BRDA:94,24,0,0
BRDA:98,25,0,3
BRDA:98,26,0,3
BRDA:105,27,0,0
BRDA:110,28,0,1
BRDA:115,29,0,0
BRDA:119,30,0,0
BRDA:117,31,0,1
BRDA:118,32,0,1
BRDA:128,33,0,9
BRDA:133,34,0,3
BRDA:135,35,0,0
BRDA:137,36,0,2
BRDA:137,37,0,2
BRDA:137,38,0,1
BRDA:140,39,0,2
BRDA:141,40,0,0
BRDA:141,41,0,2
BRDA:142,42,0,0
BRDA:142,43,0,0
BRDA:145,44,0,2
BRDA:152,45,0,1
BRDA:157,46,0,0
BRDA:157,47,0,2
BRDA:161,48,0,1
BRDA:167,49,0,2
BRDA:169,50,0,0
BRDA:169,51,0,2
BRDA:197,52,0,1
BRDA:197,53,0,1
BRDA:198,54,0,0
BRDA:200,55,0,2
BRDA:179,56,0,1
BRDA:187,57,0,2
BRDA:188,58,0,2
BRDA:193,59,0,1
BRDA:194,60,0,1
BRDA:205,61,0,1
BRDA:207,62,0,0
BRDA:208,63,0,0
BRDA:213,64,0,0
BRDA:218,65,0,166
BRDA:220,66,0,8
BRDA:221,67,0,156
BRDA:225,68,0,166
BRDA:227,69,0,26
BRDA:231,70,0,3
BRDA:232,71,0,3
BRDA:232,72,0,1
BRDA:232,73,0,2
BRDA:232,74,0,1
BRDA:235,75,0,1
BRDA:236,76,0,1
BRDA:236,77,0,0
BRDA:239,78,0,1
BRDA:240,79,0,2
BRDA:240,80,0,2
BRDA:241,81,0,1
BRDA:244,82,0,1
BRDA:245,83,0,2
BRDA:246,84,0,1
BRDA:246,85,0,2
BRDA:249,86,0,1
BRDA:250,87,0,2
BRDA:250,88,0,2
BRDA:251,89,0,1
BRDA:254,90,0,1
BRDA:255,91,0,2
BRDA:256,92,0,1
BRDA:256,93,0,2
BRDA:306,94,0,14
BRDA:306,95,0,14
BRDA:316,96,0,16
BRDA:316,97,0,16
BRDA:329,98,0,1
BRDA:329,99,0,1
BRDA:338,100,0,1
BRDA:338,101,0,1
BRDA:348,102,0,1
BRDA:348,103,0,1
BRDA:402,104,0,8
BRDA:407,105,0,1
BRDA:417,106,0,151
BRDA:427,107,0,74
BRDA:428,108,0,77
BRDA:430,109,0,0
BRDA:422,110,0,3
BRDA:461,111,0,16
BRDA:465,112,0,144
BRDA:470,113,0,1
BRF:114
BRH:94
end_of_record
TN:
SF:src\pages\ExamResultsPage.tsx
FN:14,problemColumns
FN:30,problemMap
FN:34,formatLockReason
FN:38,ExamResultsPage
FN:63,handleUnlock
FN:161,onClick
FNF:6
FNH:6
FNDA:7,problemColumns
FNDA:6,problemMap
FNDA:4,formatLockReason
FNDA:9,ExamResultsPage
FNDA:1,handleUnlock
FNDA:1,onClick
DA:1,1
DA:2,1
DA:3,1
DA:4,1
DA:5,1
DA:6,1
DA:7,1
DA:8,1
DA:9,1
DA:10,1
DA:11,1
DA:12,1
DA:13,1
DA:14,7
DA:15,7
DA:16,4
DA:17,4
DA:18,4
DA:19,0
DA:20,0
DA:21,0
DA:22,0
DA:23,0
DA:24,0
DA:25,0
DA:26,4
DA:27,4
DA:28,4
DA:29,1
DA:30,6
DA:31,6
DA:32,6
DA:33,1
DA:34,4
DA:35,4
DA:36,4
DA:37,1
DA:38,9
DA:39,9
DA:40,9
DA:41,9
DA:42,9
DA:43,9
DA:44,9
DA:45,9
DA:46,9
DA:47,4
DA:48,4
DA:49,4
DA:50,4
DA:51,4
DA:52,9
DA:53,9
DA:54,9
DA:55,3
DA:56,3
DA:57,3
DA:58,3
DA:59,9
DA:60,9
DA:61,9
DA:62,9
DA:63,9
DA:64,1
DA:65,1
DA:66,1
DA:67,1
DA:68,1
DA:69,1
DA:70,1
DA:71,1
DA:72,1
DA:73,0
DA:74,1
DA:75,1
DA:76,1
DA:77,1
DA:78,9
DA:79,9
DA:80,3
DA:81,3
DA:82,6
DA:83,9
DA:84,0
DA:85,0
DA:86,6
DA:87,9
DA:88,6
DA:89,6
DA:90,6
DA:91,6
DA:92,6
DA:93,6
DA:94,6
DA:95,6
DA:96,6
DA:97,6
DA:98,6
DA:99,6
DA:100,6
DA:101,6
DA:102,6
DA:103,6
DA:104,6
DA:105,6
DA:106,0
DA:107,6
DA:108,6
DA:109,6
DA:110,6
DA:111,6
DA:112,6
DA:113,6
DA:114,6
DA:115,6
DA:116,6
DA:117,6
DA:118,6
DA:119,0
DA:120,0
DA:121,0
DA:122,0
DA:123,0
DA:124,0
DA:125,6
DA:126,6
DA:127,6
DA:128,6
DA:129,6
DA:130,6
DA:131,6
DA:132,6
DA:133,6
DA:134,6
DA:135,6
DA:136,6
DA:137,6
DA:138,6
DA:139,6
DA:140,6
DA:141,6
DA:142,6
DA:143,6
DA:144,6
DA:145,0
DA:146,0
DA:147,0
DA:148,6
DA:149,6
DA:150,4
DA:151,4
DA:152,4
DA:153,4
DA:154,4
DA:155,4
DA:156,4
DA:157,4
DA:158,4
DA:159,4
DA:160,4
DA:161,4
DA:162,4
DA:163,4
DA:164,4
DA:165,4
DA:166,2
DA:167,2
DA:168,2
DA:169,2
DA:170,0
DA:171,6
DA:172,6
DA:173,6
DA:174,0
DA:175,0
DA:176,0
DA:177,0
DA:178,0
DA:179,0
DA:180,0
DA:181,0
DA:182,0
DA:183,0
DA:184,0
DA:185,0
DA:186,0
DA:187,0
DA:188,0
DA:189,0
DA:190,0
DA:191,0
DA:192,0
DA:193,0
DA:194,0
DA:195,0
DA:196,0
DA:197,0
DA:198,6
DA:199,6
DA:200,6
DA:201,6
DA:202,6
DA:203,6
DA:204,6
DA:205,6
DA:206,6
DA:207,6
DA:208,9
DA:209,9
DA:210,9
DA:211,9
LF:211
LH:166
BRDA:14,0,0,7
BRDA:15,1,0,3
BRDA:15,2,0,4
BRDA:18,3,0,0
BRDA:30,4,0,6
BRDA:34,5,0,4
BRDA:35,6,0,0
BRDA:38,7,0,9
BRDA:79,8,0,3
BRDA:81,9,0,6
BRDA:83,10,0,0
BRDA:85,11,0,6
BRDA:87,12,0,0
BRDA:87,13,0,6
BRDA:105,14,0,0
BRDA:106,15,0,6
BRDA:46,16,0,4
BRDA:47,17,0,0
BRDA:49,18,0,0
BRDA:54,19,0,3
BRDA:55,20,0,0
BRDA:58,21,0,3
BRDA:61,22,0,7
BRDA:63,23,0,1
BRDA:64,24,0,0
BRDA:69,25,0,0
BRDA:72,26,0,0
BRDA:132,27,0,6
BRDA:144,28,0,0
BRDA:149,29,0,4
BRDA:163,30,0,1
BRDA:163,31,0,3
BRDA:165,32,0,2
BRDA:169,33,0,0
BRDA:161,34,0,1
BRF:35
BRH:22
end_of_record
TN:
SF:src\pages\ExamView.tsx
FN:25,examStatus
FN:31,formatDuration
FN:42,remainingLabel
FN:53,languageLabel
FN:57,isProctoringLockError
FN:63,ExamView
FN:87,loadExam
FN:144,handleStart
FN:169,handleEnd
FNF:9
FNH:9
FNDA:37,examStatus
FNDA:19,formatDuration
FNDA:18,remainingLabel
FNDA:22,languageLabel
FNDA:1,isProctoringLockError
FNDA:34,ExamView
FNDA:11,loadExam
FNDA:2,handleStart
FNDA:2,handleEnd
DA:1,1
DA:2,1
DA:3,1
DA:4,1
DA:5,1
DA:6,1
DA:7,1
DA:8,1
DA:9,1
DA:10,1
DA:11,1
DA:12,1
DA:13,1
DA:14,1
DA:15,1
DA:16,1
DA:17,1
DA:18,1
DA:19,1
DA:20,1
DA:21,1
DA:22,1
DA:23,1
DA:24,1
DA:25,37
DA:26,37
DA:27,37
DA:28,35
DA:29,35
DA:30,1
DA:31,19
DA:32,19
DA:33,19
DA:34,19
DA:35,19
DA:36,19
DA:37,19
DA:38,19
DA:39,0
DA:40,0
DA:41,1
DA:42,18
DA:43,18
DA:44,18
DA:45,1
DA:46,1
DA:47,17
DA:48,17
DA:49,17
DA:50,0
DA:51,0
DA:52,1
DA:53,22
DA:54,22
DA:55,22
DA:56,1
DA:57,1
DA:58,1
DA:59,1
DA:60,1
DA:61,1
DA:62,1
DA:63,34
DA:64,34
DA:65,34
DA:66,34
DA:67,34
DA:68,34
DA:69,34
DA:70,34
DA:71,34
DA:72,34
DA:73,34
DA:74,34
DA:75,34
DA:76,34
DA:77,11
DA:78,11
DA:79,34
DA:80,34
DA:81,34
DA:82,11
DA:83,11
DA:84,11
DA:85,11
DA:86,11
DA:87,11
DA:88,11
DA:89,11
DA:90,11
DA:91,11
DA:92,11
DA:93,11
DA:94,11
DA:95,11
DA:96,10
DA:97,1
DA:98,11
DA:99,10
DA:100,1
DA:101,11
DA:102,11
DA:103,7
DA:104,1
DA:105,0
DA:106,7
DA:107,3
DA:108,11
DA:109,10
DA:110,10
DA:111,10
DA:112,10
DA:113,10
DA:114,11
DA:115,1
DA:116,11
DA:117,11
DA:118,11
DA:119,11
DA:120,11
DA:121,11
DA:122,11
DA:123,11
DA:124,11
DA:125,34
DA:126,34
DA:127,34
DA:128,21
DA:129,21
DA:130,3
DA:131,3
DA:132,3
DA:133,21
DA:134,34
DA:135,34
DA:136,34
DA:137,34
DA:138,34
DA:139,19
DA:140,19
DA:141,34
DA:142,34
DA:143,34
DA:144,34
DA:145,2
DA:146,2
DA:147,2
DA:148,2
DA:149,2
DA:150,2
DA:151,2
DA:152,2
DA:153,1
DA:154,1
DA:155,1
DA:156,1
DA:157,1
DA:158,1
DA:159,1
DA:160,1
DA:161,1
DA:162,1
DA:163,1
DA:164,2
DA:165,2
DA:166,2
DA:167,2
DA:168,34
DA:169,34
DA:170,2
DA:171,2
DA:172,2
DA:173,2
DA:174,2
DA:175,2
DA:176,2
DA:177,1
DA:178,1
DA:179,1
DA:180,1
DA:181,1
DA:182,2
DA:183,2
DA:184,2
DA:185,2
DA:186,34
DA:187,34
DA:188,34
DA:189,34
DA:190,34
DA:191,34
DA:192,34
DA:193,34
DA:194,34
DA:195,34
DA:196,34
DA:197,34
DA:198,34
DA:199,34
DA:200,34
DA:201,34
DA:202,34
DA:203,34
DA:204,34
DA:205,34
DA:206,34
DA:207,19
DA:208,19
DA:209,19
DA:210,34
DA:211,34
DA:212,34
DA:213,34
DA:214,34
DA:215,34
DA:216,1
DA:217,18
DA:218,34
DA:219,34
DA:220,18
DA:221,18
DA:222,5
DA:223,5
DA:224,5
DA:225,5
DA:226,5
DA:227,5
DA:228,5
DA:229,5
DA:230,5
DA:231,13
DA:232,12
DA:233,12
DA:234,12
DA:235,12
DA:236,12
DA:237,12
DA:238,12
DA:239,12
DA:240,12
DA:241,1
DA:242,1
DA:243,1
DA:244,1
DA:245,18
DA:246,18
DA:247,34
DA:248,34
DA:249,34
DA:250,34
DA:251,34
DA:252,34
DA:253,34
DA:254,34
DA:255,34
DA:256,34
DA:257,34
DA:258,34
DA:259,34
DA:260,34
DA:261,34
DA:262,34
DA:263,34
DA:264,34
DA:265,34
DA:266,34
DA:267,34
DA:268,34
DA:269,34
DA:270,34
DA:271,34
DA:272,34
DA:273,1
DA:274,1
DA:275,1
DA:276,34
DA:277,34
DA:278,2
DA:279,2
DA:280,2
DA:281,34
DA:282,34
DA:283,34
DA:284,34
DA:285,8
DA:286,8
DA:287,8
DA:288,11
DA:289,11
DA:290,11
DA:291,11
DA:292,11
DA:293,11
DA:294,11
DA:295,11
DA:296,11
DA:297,11
DA:298,11
DA:299,11
DA:300,11
DA:301,11
DA:302,22
DA:303,22
DA:304,22
DA:305,22
DA:306,22
DA:307,22
DA:308,22
DA:309,22
DA:310,22
DA:311,22
DA:312,22
DA:313,22
DA:314,22
DA:315,22
DA:316,22
DA:317,22
DA:318,22
DA:319,22
DA:320,20
DA:321,20
DA:322,20
DA:323,20
DA:324,20
DA:325,20
DA:326,2
DA:327,2
DA:328,2
DA:329,2
DA:330,2
DA:331,2
DA:332,2
DA:333,0
DA:334,0
DA:335,0
DA:336,0
DA:337,0
DA:338,0
DA:339,0
DA:340,0
DA:341,0
DA:342,0
DA:343,0
DA:344,22
DA:345,22
DA:346,22
DA:347,11
DA:348,11
DA:349,11
DA:350,11
DA:351,34
DA:352,34
DA:353,34
DA:354,34
DA:355,34
LF:355
LH:339
BRDA:25,0,0,37
BRDA:26,1,0,2
BRDA:26,2,0,35
BRDA:27,3,0,0
BRDA:27,4,0,35
BRDA:31,5,0,19
BRDA:37,6,0,0
BRDA:38,7,0,0
BRDA:42,8,0,18
BRDA:44,9,0,1
BRDA:46,10,0,17
BRDA:49,11,0,0
BRDA:53,12,0,22
BRDA:54,13,0,0
BRDA:57,14,0,1
BRDA:63,15,0,34
BRDA:136,16,0,11
BRDA:136,17,0,23
BRDA:137,18,0,4
BRDA:137,19,0,19
BRDA:138,20,0,0
BRDA:138,21,0,19
BRDA:141,22,0,18
BRDA:141,23,0,12
BRDA:142,24,0,19
BRDA:142,25,0,18
BRDA:206,26,0,19
BRDA:215,27,0,18
BRDA:215,28,0,1
BRDA:216,29,0,18
BRDA:219,30,0,19
BRDA:219,31,0,18
BRDA:221,32,0,5
BRDA:229,33,0,2
BRDA:229,34,0,3
BRDA:230,35,0,13
BRDA:231,36,0,12
BRDA:235,37,0,10
BRDA:239,38,0,2
BRDA:239,39,0,10
BRDA:240,40,0,1
BRDA:243,41,0,0
BRDA:243,42,0,0
BRDA:272,43,0,1
BRDA:272,44,0,1
BRDA:274,45,0,0
BRDA:277,46,0,2
BRDA:284,47,0,8
BRDA:287,48,0,11
BRDA:70,49,0,11
BRDA:76,50,0,11
BRDA:78,51,0,11
BRDA:81,52,0,11
BRDA:82,53,0,0
BRDA:87,54,0,11
BRDA:92,55,0,0
BRDA:95,56,0,10
BRDA:96,57,0,1
BRDA:98,58,0,10
BRDA:99,59,0,1
BRDA:101,60,0,10
BRDA:102,61,0,9
BRDA:102,62,0,7
BRDA:106,63,0,3
BRDA:108,64,0,10
BRDA:112,65,0,9
BRDA:114,66,0,1
BRDA:103,67,0,1
BRDA:104,68,0,0
BRDA:122,69,0,11
BRDA:127,70,0,21
BRDA:128,71,0,20
BRDA:128,72,0,20
BRDA:128,73,0,11
BRDA:128,74,0,10
BRDA:129,75,0,4
BRDA:129,76,0,3
BRDA:132,77,0,7
BRDA:133,78,0,3
BRDA:144,79,0,2
BRDA:145,80,0,0
BRDA:150,81,0,0
BRDA:151,82,0,1
BRDA:152,83,0,1
BRDA:169,84,0,2
BRDA:170,85,0,0
BRDA:175,86,0,0
BRDA:176,87,0,1
BRDA:301,88,0,22
BRDA:319,89,0,20
BRDA:325,90,0,2
BRDA:332,91,0,0
BRF:92
BRH:75
end_of_record
TN:
SF:src\pages\InterviewerDashboard.tsx
FN:13,examStatus
FN:36,InterviewerDashboard
FN:75,onClick
FN:85,onChange
FN:93,onClick
FNF:5
FNH:5
FNDA:15,examStatus
FNDA:25,InterviewerDashboard
FNDA:1,onClick
FNDA:6,onChange
FNDA:1,onClick
DA:1,1
DA:2,1
DA:3,1
DA:4,1
DA:5,1
DA:6,1
DA:7,1
DA:8,1
DA:9,1
DA:10,1
DA:11,1
DA:12,1
DA:13,15
DA:14,15
DA:15,15
DA:16,15
DA:17,15
DA:18,15
DA:19,9
DA:20,9
DA:21,1
DA:22,1
DA:23,1
DA:24,1
DA:25,1
DA:26,1
DA:27,1
DA:28,1
DA:29,1
DA:30,1
DA:31,1
DA:32,1
DA:33,1
DA:34,1
DA:35,1
DA:36,25
DA:37,25
DA:38,25
DA:39,25
DA:40,25
DA:41,25
DA:42,25
DA:43,25
DA:44,25
DA:45,25
DA:46,25
DA:47,6
DA:48,25
DA:49,25
DA:50,25
DA:51,11
DA:52,5
DA:53,5
DA:54,5
DA:55,5
DA:56,25
DA:57,25
DA:58,25
DA:59,17
DA:60,17
DA:61,19
DA:62,19
DA:63,19
DA:64,17
DA:65,25
DA:66,25
DA:67,25
DA:68,25
DA:69,11
DA:70,11
DA:71,11
DA:72,11
DA:73,11
DA:74,11
DA:75,11
DA:76,11
DA:77,11
DA:78,11
DA:79,11
DA:80,11
DA:81,11
DA:82,11
DA:83,11
DA:84,11
DA:85,11
DA:86,11
DA:87,11
DA:88,11
DA:89,11
DA:90,11
DA:91,44
DA:92,44
DA:93,44
DA:94,44
DA:95,44
DA:96,11
DA:97,33
DA:98,44
DA:99,44
DA:100,44
DA:101,44
DA:102,11
DA:103,11
DA:104,11
DA:105,11
DA:106,11
DA:107,11
DA:108,11
DA:109,11
DA:110,11
DA:111,11
DA:112,11
DA:113,11
DA:114,11
DA:115,11
DA:116,11
DA:117,11
DA:118,11
DA:119,13
DA:120,13
DA:121,13
DA:122,13
DA:123,13
DA:124,13
DA:125,13
DA:126,13
DA:127,13
DA:128,13
DA:129,13
DA:130,13
DA:131,13
DA:132,13
DA:133,13
DA:134,13
DA:135,13
DA:136,13
DA:137,13
DA:138,13
DA:139,13
DA:140,11
DA:141,11
DA:142,2
DA:143,2
DA:144,2
DA:145,2
DA:146,2
DA:147,25
DA:148,25
DA:149,25
DA:150,25
DA:151,25
DA:152,25
DA:153,25
LF:153
LH:153
BRDA:13,0,0,15
BRDA:17,1,0,1
BRDA:17,2,0,14
BRDA:18,3,0,5
BRDA:18,4,0,9
BRDA:36,5,0,25
BRDA:67,6,0,13
BRDA:67,7,0,12
BRDA:68,8,0,1
BRDA:68,9,0,11
BRDA:141,10,0,2
BRDA:144,11,0,0
BRDA:46,12,0,6
BRDA:50,13,0,11
BRDA:51,14,0,6
BRDA:51,15,0,5
BRDA:54,16,0,1
BRDA:54,17,0,0
BRDA:55,18,0,5
BRDA:58,19,0,17
BRDA:60,20,0,19
BRDA:62,21,0,2
BRDA:63,22,0,14
BRDA:75,23,0,1
BRDA:85,24,0,6
BRDA:90,25,0,44
BRDA:95,26,0,11
BRDA:96,27,0,33
BRDA:93,28,0,1
BRDA:118,29,0,13
BRF:30
BRH:28
end_of_record
TN:
SF:src\pages\Login.tsx
FN:6,Login
FN:16,handleSubmit
FN:89,onChange
FN:106,onChange
FN:113,onClick
FNF:5
FNH:5
FNDA:80,Login
FNDA:3,handleSubmit
FNDA:39,onChange
FNDA:23,onChange
FNDA:2,onClick
DA:1,1
DA:2,1
DA:3,1
DA:4,1
DA:5,1
DA:6,80
DA:7,80
DA:8,80
DA:9,80
DA:10,80
DA:11,80
DA:12,80
DA:13,80
DA:14,80
DA:15,79
DA:16,79
DA:17,3
DA:18,3
DA:19,3
DA:20,3
DA:21,3
DA:22,1
DA:23,1
DA:24,3
DA:25,2
DA:26,2
DA:27,3
DA:28,79
DA:29,79
DA:30,79
DA:31,79
DA:32,79
DA:33,79
DA:34,79
DA:35,79
DA:36,79
DA:37,79
DA:38,79
DA:39,79
DA:40,79
DA:41,79
DA:42,79
DA:43,79
DA:44,79
DA:45,79
DA:46,79
DA:47,79
DA:48,79
DA:49,79
DA:50,79
DA:51,79
DA:52,79
DA:53,79
DA:54,79
DA:55,79
DA:56,79
DA:57,79
DA:58,79
DA:59,79
DA:60,79
DA:61,79
DA:62,79
DA:63,79
DA:64,79
DA:65,79
DA:66,79
DA:67,79
DA:68,79
DA:69,79
DA:70,79
DA:71,79
DA:72,79
DA:73,79
DA:74,79
DA:75,79
DA:76,79
DA:77,79
DA:78,79
DA:79,79
DA:80,79
DA:81,79
DA:82,79
DA:83,79
DA:84,79
DA:85,79
DA:86,79
DA:87,79
DA:88,79
DA:89,79
DA:90,79
DA:91,80
DA:92,80
DA:93,80
DA:94,80
DA:95,80
DA:96,80
DA:97,80
DA:98,80
DA:99,80
DA:100,80
DA:101,80
DA:102,80
DA:103,80
DA:104,80
DA:105,80
DA:106,80
DA:107,80
DA:108,80
DA:109,80
DA:110,80
DA:111,80
DA:112,80
DA:113,80
DA:114,80
DA:115,80
DA:116,80
DA:117,80
DA:118,1
DA:119,1
DA:120,1
DA:121,1
DA:122,1
DA:123,78
DA:124,78
DA:125,78
DA:126,78
DA:127,78
DA:128,80
DA:129,80
DA:130,80
DA:131,80
DA:132,80
DA:133,80
DA:134,1
DA:135,1
DA:136,1
DA:137,1
DA:138,1
DA:139,1
DA:140,1
DA:141,80
DA:142,80
DA:143,80
DA:144,80
DA:145,80
DA:146,80
DA:147,80
DA:148,80
DA:149,80
DA:150,80
DA:151,80
DA:152,80
DA:153,80
DA:154,80
DA:155,80
DA:156,80
LF:156
LH:156
BRDA:6,0,0,80
BRDA:14,1,0,1
BRDA:14,2,0,79
BRDA:91,3,0,1
BRDA:91,4,0,78
BRDA:103,5,0,1
BRDA:103,6,0,78
BRDA:108,7,0,1
BRDA:108,8,0,78
BRDA:115,9,0,1
BRDA:115,10,0,78
BRDA:117,11,0,1
BRDA:122,12,0,78
BRDA:133,13,0,1
BRDA:144,14,0,3
BRDA:144,15,0,76
BRDA:16,16,0,3
BRDA:21,17,0,1
BRDA:24,18,0,2
BRDA:89,19,0,39
BRDA:106,20,0,23
BRDA:113,21,0,2
BRDA:113,22,0,2
BRF:23
BRH:23
end_of_record
TN:
SF:src\pages\NotFound.tsx
FN:3,NotFound
FNF:1
FNH:1
FNDA:2,NotFound
DA:1,1
DA:2,1
DA:3,2
DA:4,2
DA:5,2
DA:6,2
DA:7,2
DA:8,2
DA:9,2
DA:10,2
DA:11,2
DA:12,2
DA:13,2
DA:14,2
DA:15,2
DA:16,2
DA:17,2
DA:18,2
LF:18
LH:18
BRDA:3,0,0,2
BRF:1
BRH:1
end_of_record
TN:
SF:src\pages\ProblemDetailPage.tsx
FN:36,ProblemForm
FN:55,set
FN:60,toggleLang
FN:70,handleSave
FN:115,onChange
FN:123,onChange
FN:131,onChange
FN:135,onChange
FN:139,onChange
FN:143,onChange
FN:150,onChange
FN:156,onChange
FN:160,onChange
FN:169,onChange
FN:204,TestCaseForm
FN:236,handleSubmit
FN:293,onChange
FN:304,onChange
FN:315,onChange
FN:327,onChange
FN:332,onChange
FN:337,onChange
FN:340,onChange
FN:373,TestCaseModal
FN:396,onClick
FN:414,onSaved
FN:425,TestCaseList
FN:444,handleDelete
FN:499,onClick
FN:505,onClick
FN:533,onClose
FN:542,ProblemDetailPage
FN:578,handleDelete
FN:599,onClick
FN:609,onCreate
FN:623,onClick
FN:656,onSaved
FN:667,onClick
FN:681,onUpdated
FN:684,onDeleted
FN:694,onSaved
FN:695,onClose
FNF:42
FNH:25
FNDA:27,ProblemForm
FNDA:16,set
FNDA:1,toggleLang
FNDA:2,handleSave
FNDA:15,onChange
FNDA:0,onChange
FNDA:0,onChange
FNDA:0,onChange
FNDA:0,onChange
FNDA:0,onChange
FNDA:1,onChange
FNDA:0,onChange
FNDA:0,onChange
FNDA:1,onChange
FNDA:17,TestCaseForm
FNDA:1,handleSubmit
FNDA:10,onChange
FNDA:1,onChange
FNDA:1,onChange
FNDA:3,onChange
FNDA:0,onChange
FNDA:0,onChange
FNDA:0,onChange
FNDA:1,TestCaseModal
FNDA:4,onClick
FNDA:1,onSaved
FNDA:11,TestCaseList
FNDA:1,handleDelete
FNDA:0,onClick
FNDA:1,onClick
FNDA:0,onClose
FNDA:25,ProblemDetailPage
FNDA:0,handleDelete
FNDA:0,onClick
FNDA:0,onCreate
FNDA:0,onClick
FNDA:1,onSaved
FNDA:1,onClick
FNDA:0,onUpdated
FNDA:1,onDeleted
FNDA:1,onSaved
FNDA:1,onClose
DA:1,1
DA:2,1
DA:3,1
DA:4,1
DA:5,1
DA:6,1
DA:7,1
DA:8,1
DA:9,1
DA:10,1
DA:11,1
DA:12,1
DA:13,1
DA:14,1
DA:15,1
DA:16,1
DA:17,1
DA:18,1
DA:19,1
DA:20,1
DA:21,1
DA:22,1
DA:23,1
DA:24,1
DA:25,1
DA:26,1
DA:27,1
DA:28,1
DA:29,1
DA:30,1
DA:31,1
DA:32,1
DA:33,1
DA:34,1
DA:35,1
DA:36,27
DA:37,27
DA:38,27
DA:39,27
DA:40,27
DA:41,27
DA:42,27
DA:43,27
DA:44,27
DA:45,27
DA:46,27
DA:47,27
DA:48,27
DA:49,27
DA:50,27
DA:51,27
DA:52,27
DA:53,27
DA:54,27
DA:55,27
DA:56,16
DA:57,16
DA:58,16
DA:59,27
DA:60,27
DA:61,1
DA:62,1
DA:63,1
DA:64,0
DA:65,1
DA:66,1
DA:67,1
DA:68,1
DA:69,27
DA:70,27
DA:71,2
DA:72,2
DA:73,2
DA:74,1
DA:75,1
DA:76,1
DA:77,1
DA:78,1
DA:79,1
DA:80,2
DA:81,2
DA:82,2
DA:83,2
DA:84,2
DA:85,2
DA:86,2
DA:87,2
DA:88,2
DA:89,2
DA:90,0
DA:91,0
DA:92,2
DA:93,1
DA:94,1
DA:95,1
DA:96,1
DA:97,2
DA:98,0
DA:99,2
DA:100,1
DA:101,1
DA:102,2
DA:103,27
DA:104,27
DA:105,27
DA:106,27
DA:107,27
DA:108,27
DA:109,27
DA:110,27
DA:111,27
DA:112,27
DA:113,27
DA:114,27
DA:115,27
DA:116,27
DA:117,27
DA:118,27
DA:119,27
DA:120,27
DA:121,27
DA:122,27
DA:123,27
DA:124,27
DA:125,27
DA:126,27
DA:127,27
DA:128,27
DA:129,27
DA:130,27
DA:131,27
DA:132,27
DA:133,27
DA:134,27
DA:135,27
DA:136,27
DA:137,27
DA:138,27
DA:139,27
DA:140,27
DA:141,27
DA:142,27
DA:143,27
DA:144,27
DA:145,27
DA:146,27
DA:147,27
DA:148,27
DA:149,27
DA:150,27
DA:151,27
DA:152,27
DA:153,27
DA:154,27
DA:155,27
DA:156,27
DA:157,27
DA:158,27
DA:159,27
DA:160,27
DA:161,27
DA:162,27
DA:163,27
DA:164,27
DA:165,27
DA:166,27
DA:167,27
DA:168,54
DA:169,54
DA:170,54
DA:171,54
DA:172,27
DA:173,27
DA:174,27
DA:175,27
DA:176,27
DA:177,27
DA:178,27
DA:179,27
DA:180,27
DA:181,27
DA:182,27
DA:183,27
DA:184,27
DA:185,27
DA:186,1
DA:187,26
DA:188,27
DA:189,27
DA:190,27
DA:191,27
DA:192,27
DA:193,1
DA:194,1
DA:195,1
DA:196,1
DA:197,1
DA:198,1
DA:199,1
DA:200,1
DA:201,1
DA:202,1
DA:203,1
DA:204,17
DA:205,17
DA:206,17
DA:207,17
DA:208,17
DA:209,17
DA:210,17
DA:211,17
DA:212,17
DA:213,17
DA:214,17
DA:215,17
DA:216,17
DA:217,17
DA:218,17
DA:219,17
DA:220,17
DA:221,17
DA:222,17
DA:223,17
DA:224,17
DA:225,17
DA:226,17
DA:227,17
DA:228,17
DA:229,17
DA:230,17
DA:231,17
DA:232,17
DA:233,17
DA:234,17
DA:235,17
DA:236,17
DA:237,1
DA:238,1
DA:239,0
DA:240,0
DA:241,0
DA:242,1
DA:243,1
DA:244,1
DA:245,1
DA:246,1
DA:247,1
DA:248,1
DA:249,1
DA:250,1
DA:251,1
DA:252,0
DA:253,0
DA:254,0
DA:255,0
DA:256,0
DA:257,0
DA:258,0
DA:259,1
DA:260,1
DA:261,1
DA:262,1
DA:263,1
DA:264,1
DA:265,1
DA:266,1
DA:267,1
DA:268,1
DA:269,1
DA:270,1
DA:271,1
DA:272,1
DA:273,1
DA:274,1
DA:275,1
DA:276,1
DA:277,0
DA:278,1
DA:279,1
DA:280,1
DA:281,1
DA:282,17
DA:283,17
DA:284,17
DA:285,17
DA:286,17
DA:287,17
DA:288,17
DA:289,17
DA:290,17
DA:291,17
DA:292,17
DA:293,17
DA:294,17
DA:295,17
DA:296,17
DA:297,17
DA:298,17
DA:299,17
DA:300,17
DA:301,17
DA:302,17
DA:303,17
DA:304,17
DA:305,17
DA:306,17
DA:307,17
DA:308,17
DA:309,17
DA:310,17
DA:311,17
DA:312,17
DA:313,17
DA:314,17
DA:315,17
DA:316,17
DA:317,17
DA:318,17
DA:319,17
DA:320,17
DA:321,17
DA:322,17
DA:323,17
DA:324,17
DA:325,17
DA:326,17
DA:327,17
DA:328,17
DA:329,17
DA:330,17
DA:331,17
DA:332,17
DA:333,17
DA:334,17
DA:335,17
DA:336,17
DA:337,17
DA:338,17
DA:339,17
DA:340,17
DA:341,17
DA:342,17
DA:343,17
DA:344,17
DA:345,17
DA:346,17
DA:347,17
DA:348,17
DA:349,17
DA:350,17
DA:351,17
DA:352,17
DA:353,17
DA:354,17
DA:355,17
DA:356,17
DA:357,17
DA:358,17
DA:359,17
DA:360,17
DA:361,17
DA:362,17
DA:363,17
DA:364,17
DA:365,17
DA:366,17
DA:367,17
DA:368,17
DA:369,17
DA:370,1
DA:371,1
DA:372,1
DA:373,1
DA:374,1
DA:375,1
DA:376,1
DA:377,1
DA:378,1
DA:379,1
DA:380,1
DA:381,1
DA:382,1
DA:383,1
DA:384,1
DA:385,1
DA:386,1
DA:387,1
DA:388,1
DA:389,1
DA:390,1
DA:391,1
DA:392,1
DA:393,1
DA:394,1
DA:395,1
DA:396,1
DA:397,1
DA:398,1
DA:399,1
DA:400,1
DA:401,1
DA:402,1
DA:403,1
DA:404,1
DA:405,1
DA:406,1
DA:407,1
DA:408,1
DA:409,1
DA:410,1
DA:411,1
DA:412,1
DA:413,1
DA:414,1
DA:415,1
DA:416,1
DA:417,1
DA:418,1
DA:419,1
DA:420,1
DA:421,1
DA:422,1
DA:423,1
DA:424,1
DA:425,11
DA:426,11
DA:427,11
DA:428,11
DA:429,11
DA:430,11
DA:431,11
DA:432,11
DA:433,11
DA:434,11
DA:435,11
DA:436,11
DA:437,11
DA:438,11
DA:439,11
DA:440,11
DA:441,11
DA:442,11
DA:443,11
DA:444,11
DA:445,1
DA:446,1
DA:447,1
DA:448,1
DA:449,1
DA:450,0
DA:451,0
DA:452,1
DA:453,11
DA:454,11
DA:455,4
DA:456,4
DA:457,7
DA:458,7
DA:459,7
DA:460,7
DA:461,7
DA:462,7
DA:463,7
DA:464,7
DA:465,7
DA:466,7
DA:467,7
DA:468,7
DA:469,7
DA:470,7
DA:471,7
DA:472,7
DA:473,7
DA:474,7
DA:475,8
DA:476,8
DA:477,8
DA:478,8
DA:479,8
DA:480,8
DA:481,8
DA:482,8
DA:483,8
DA:484,8
DA:485,8
DA:486,8
DA:487,8
DA:488,1
DA:489,7
DA:490,8
DA:491,8
DA:492,8
DA:493,1
DA:494,7
DA:495,8
DA:496,8
DA:497,8
DA:498,8
DA:499,8
DA:500,8
DA:501,8
DA:502,8
DA:503,8
DA:504,8
DA:505,8
DA:506,8
DA:507,8
DA:508,8
DA:509,8
DA:510,8
DA:511,8
DA:512,8
DA:513,7
DA:514,7
DA:515,7
DA:516,7
DA:517,7
DA:518,7
DA:519,0
DA:520,0
DA:521,0
DA:522,0
DA:523,0
DA:524,0
DA:525,0
DA:526,0
DA:527,0
DA:528,0
DA:529,0
DA:530,0
DA:531,0
DA:532,0
DA:533,0
DA:534,0
DA:535,11
DA:536,11
DA:537,11
DA:538,11
DA:539,1
DA:540,1
DA:541,1
DA:542,25
DA:543,25
DA:544,25
DA:545,25
DA:546,25
DA:547,25
DA:548,25
DA:549,25
DA:550,25
DA:551,25
DA:552,25
DA:553,25
DA:554,25
DA:555,25
DA:556,25
DA:557,25
DA:558,9
DA:559,9
DA:560,9
DA:561,9
DA:562,9
DA:563,9
DA:564,9
DA:565,9
DA:566,9
DA:567,9
DA:568,7
DA:569,7
DA:570,9
DA:571,1
DA:572,9
DA:573,8
DA:574,8
DA:575,9
DA:576,25
DA:577,25
DA:578,25
DA:579,0
DA:580,0
DA:581,0
DA:582,0
DA:583,0
DA:584,0
DA:585,0
DA:586,0
DA:587,0
DA:588,25
DA:589,25
DA:590,25
DA:591,25
DA:592,11
DA:593,11
DA:594,25
DA:595,0
DA:596,0
DA:597,0
DA:598,0
DA:599,0
DA:600,0
DA:601,0
DA:602,0
DA:603,0
DA:604,0
DA:605,0
DA:606,0
DA:607,0
DA:608,0
DA:609,0
DA:610,0
DA:611,0
DA:612,0
DA:613,0
DA:614,11
DA:615,11
DA:616,25
DA:617,11
DA:618,11
DA:619,11
DA:620,11
DA:621,11
DA:622,11
DA:623,11
DA:624,11
DA:625,11
DA:626,11
DA:627,11
DA:628,11
DA:629,11
DA:630,11
DA:631,8
DA:632,8
DA:633,8
DA:634,8
DA:635,8
DA:636,8
DA:637,25
DA:638,25
DA:639,25
DA:640,25
DA:641,8
DA:642,8
DA:643,8
DA:644,8
DA:645,8
DA:646,8
DA:647,8
DA:648,8
DA:649,8
DA:650,8
DA:651,8
DA:652,8
DA:653,8
DA:654,8
DA:655,8
DA:656,8
DA:657,8
DA:658,25
DA:659,25
DA:660,25
DA:661,25
DA:662,25
DA:663,25
DA:664,25
DA:665,25
DA:666,8
DA:667,8
DA:668,8
DA:669,8
DA:670,8
DA:671,8
DA:672,8
DA:673,25
DA:674,25
DA:675,25
DA:676,25
DA:677,25
DA:678,25
DA:679,25
DA:680,25
DA:681,25
DA:682,0
DA:683,25
DA:684,25
DA:685,25
DA:686,25
DA:687,25
DA:688,25
DA:689,1
DA:690,1
DA:691,1
DA:692,1
DA:693,1
DA:694,1
DA:695,1
DA:696,1
DA:697,25
DA:698,25
DA:699,25
DA:700,25
LF:700
LH:638
BRDA:36,0,0,27
BRDA:131,1,0,0
BRDA:135,2,0,0
BRDA:139,3,0,0
BRDA:143,4,0,0
BRDA:176,5,0,1
BRDA:181,6,0,26
BRDA:185,7,0,1
BRDA:186,8,0,0
BRDA:186,9,0,26
BRDA:187,10,0,0
BRDA:55,11,0,16
BRDA:56,12,0,16
BRDA:60,13,0,1
BRDA:61,14,0,1
BRDA:63,15,0,0
BRDA:70,16,0,2
BRDA:71,17,0,1
BRDA:72,18,0,0
BRDA:72,19,0,1
BRDA:73,20,0,0
BRDA:73,21,0,1
BRDA:80,22,0,0
BRDA:81,23,0,0
BRDA:82,24,0,0
BRDA:83,25,0,0
BRDA:89,26,0,0
BRDA:92,27,0,1
BRDA:97,28,0,0
BRDA:99,29,0,1
BRDA:115,30,0,15
BRDA:150,31,0,1
BRDA:151,32,0,81
BRDA:167,33,0,54
BRDA:169,34,0,1
BRDA:204,35,0,17
BRDA:224,36,0,0
BRDA:224,37,0,0
BRDA:225,38,0,0
BRDA:226,39,0,0
BRDA:228,40,0,0
BRDA:228,41,0,0
BRDA:231,42,0,0
BRDA:231,43,0,0
BRDA:345,44,0,0
BRDA:364,45,0,1
BRDA:364,46,0,0
BRDA:364,47,0,16
BRDA:364,48,0,0
BRDA:236,49,0,1
BRDA:238,50,0,0
BRDA:246,51,0,0
BRDA:247,52,0,0
BRDA:248,53,0,0
BRDA:251,54,0,0
BRDA:276,55,0,0
BRDA:293,56,0,10
BRDA:304,57,0,1
BRDA:304,58,0,0
BRDA:315,59,0,1
BRDA:315,60,0,0
BRDA:327,61,0,3
BRDA:373,62,0,1
BRDA:396,63,0,4
BRDA:396,64,0,0
BRDA:414,65,0,1
BRDA:425,66,0,11
BRDA:454,67,0,4
BRDA:456,68,0,7
BRDA:518,69,0,0
BRDA:444,70,0,1
BRDA:445,71,0,0
BRDA:449,72,0,0
BRDA:474,73,0,8
BRDA:478,74,0,0
BRDA:481,75,0,1
BRDA:481,76,0,7
BRDA:482,77,0,1
BRDA:482,78,0,7
BRDA:487,79,0,1
BRDA:488,80,0,7
BRDA:492,81,0,1
BRDA:493,82,0,7
BRDA:505,83,0,1
BRDA:542,84,0,25
BRDA:555,85,0,24
BRDA:555,86,0,24
BRDA:589,87,0,12
BRDA:590,88,0,1
BRDA:590,89,0,11
BRDA:591,90,0,0
BRDA:591,91,0,11
BRDA:594,92,0,0
BRDA:613,93,0,11
BRDA:616,94,0,0
BRDA:616,95,0,11
BRDA:630,96,0,8
BRDA:640,97,0,8
BRDA:665,98,0,8
BRDA:688,99,0,1
BRDA:557,100,0,9
BRDA:558,101,0,9
BRDA:559,102,0,0
BRDA:561,103,0,0
BRDA:567,104,0,7
BRDA:570,105,0,1
BRDA:571,106,0,0
BRDA:572,107,0,8
BRDA:656,108,0,1
BRDA:667,109,0,1
BRDA:684,110,0,1
BRDA:684,111,0,1
BRDA:684,112,0,1
BRDA:694,113,0,1
BRDA:694,114,0,1
BRDA:695,115,0,1
BRF:116
BRH:71
end_of_record
TN:
SF:src\pages\ProblemEditor.tsx
FN:27,languageLabel
FN:31,starterCode
FN:35,monacoLanguage
FN:39,draftKey
FN:44,loadDraft
FN:50,loadReusableSubmission
FN:66,ProblemStatement
FN:133,SubmissionPanel
FN:201,ResultMetric
FN:210,ProblemEditor
FN:238,handleFullscreenChange
FN:261,loadProblem
FN:331,pollRun
FN:358,handleLanguageChange
FN:365,handleSubmit
FN:388,handleRun
FN:458,onChange
FN:507,onChange
FN:531,onChange
FNF:19
FNH:17
FNDA:39,languageLabel
FNDA:13,starterCode
FNDA:31,monacoLanguage
FNDA:29,draftKey
FNDA:13,loadDraft
FNDA:1,loadReusableSubmission
FNDA:23,ProblemStatement
FNDA:31,SubmissionPanel
FNDA:12,ResultMetric
FNDA:31,ProblemEditor
FNDA:2,handleFullscreenChange
FNDA:7,loadProblem
FNDA:1,pollRun
FNDA:0,handleLanguageChange
FNDA:1,handleSubmit
FNDA:1,handleRun
FNDA:0,onChange
FNDA:2,onChange
FNDA:1,onChange
DA:1,1
DA:2,1
DA:3,1
DA:4,1
DA:5,1
DA:6,1
DA:7,1
DA:8,1
DA:9,1
DA:10,1
DA:11,1
DA:12,1
DA:13,1
DA:14,1
DA:15,1
DA:16,1
DA:17,1
DA:18,1
DA:19,1
DA:20,1
DA:21,1
DA:22,1
DA:23,1
DA:24,1
DA:25,1
DA:26,1
DA:27,39
DA:28,39
DA:29,39
DA:30,1
DA:31,13
DA:32,13
DA:33,13
DA:34,1
DA:35,31
DA:36,31
DA:37,31
DA:38,1
DA:39,29
DA:40,29
DA:41,29
DA:42,29
DA:43,1
DA:44,13
DA:45,13
DA:46,13
DA:47,13
DA:48,13
DA:49,1
DA:50,1
DA:51,1
DA:52,1
DA:53,1
DA:54,1
DA:55,1
DA:56,1
DA:57,1
DA:58,1
DA:59,1
DA:60,1
DA:61,1
DA:62,0
DA:63,0
DA:64,1
DA:65,1
DA:66,23
DA:67,23
DA:68,23
DA:69,23
DA:70,23
DA:71,23
DA:72,23
DA:73,23
DA:74,23
DA:75,23
DA:76,23
DA:77,23
DA:78,23
DA:79,23
DA:80,23
DA:81,23
DA:82,23
DA:83,23
DA:84,23
DA:85,23
DA:86,23
DA:87,23
DA:88,23
DA:89,23
DA:90,23
DA:91,23
DA:92,23
DA:93,23
DA:94,23
DA:95,23
DA:96,23
DA:97,23
DA:98,23
DA:99,23
DA:100,23
DA:101,23
DA:102,23
DA:103,23
DA:104,23
DA:105,23
DA:106,23
DA:107,23
DA:108,23
DA:109,23
DA:110,23
DA:111,23
DA:112,23
DA:113,23
DA:114,23
DA:115,23
DA:116,23
DA:117,23
DA:118,23
DA:119,23
DA:120,23
DA:121,23
DA:122,23
DA:123,23
DA:124,23
DA:125,23
DA:126,23
DA:127,23
DA:128,23
DA:129,23
DA:130,23
DA:131,23
DA:132,1
DA:133,31
DA:134,31
DA:135,31
DA:136,31
DA:137,31
DA:138,31
DA:139,31
DA:140,31
DA:141,31
DA:142,31
DA:143,31
DA:144,31
DA:145,31
DA:146,31
DA:147,31
DA:148,31
DA:149,31
DA:150,31
DA:151,31
DA:152,31
DA:153,31
DA:154,31
DA:155,31
DA:156,31
DA:157,28
DA:158,28
DA:159,28
DA:160,28
DA:161,28
DA:162,28
DA:163,3
DA:164,3
DA:165,31
DA:166,31
DA:167,31
DA:168,31
DA:169,31
DA:170,31
DA:171,31
DA:172,31
DA:173,3
DA:174,3
DA:175,3
DA:176,3
DA:177,3
DA:178,3
DA:179,31
DA:180,31
DA:181,31
DA:182,31
DA:183,31
DA:184,31
DA:185,31
DA:186,31
DA:187,31
DA:188,31
DA:189,31
DA:190,31
DA:191,31
DA:192,31
DA:193,0
DA:194,0
DA:195,0
DA:196,31
DA:197,31
DA:198,31
DA:199,31
DA:200,1
DA:201,12
DA:202,12
DA:203,12
DA:204,12
DA:205,12
DA:206,12
DA:207,12
DA:208,12
DA:209,1
DA:210,31
DA:211,31
DA:212,31
DA:213,31
DA:214,31
DA:215,31
DA:216,31
DA:217,31
DA:218,31
DA:219,31
DA:220,31
DA:221,31
DA:222,31
DA:223,31
DA:224,31
DA:225,31
DA:226,31
DA:227,31
DA:228,31
DA:229,31
DA:230,31
DA:231,31
DA:232,31
DA:233,31
DA:234,31
DA:235,31
DA:236,31
DA:237,14
DA:238,7
DA:239,2
DA:240,2
DA:241,7
DA:242,7
DA:243,7
DA:244,7
DA:245,31
DA:246,31
DA:247,31
DA:248,31
DA:249,31
DA:250,31
DA:251,14
DA:252,7
DA:253,31
DA:254,31
DA:255,31
DA:256,7
DA:257,7
DA:258,7
DA:259,7
DA:260,7
DA:261,7
DA:262,7
DA:263,7
DA:264,7
DA:265,7
DA:266,7
DA:267,7
DA:268,7
DA:269,7
DA:270,7
DA:271,7
DA:272,7
DA:273,7
DA:274,7
DA:275,7
DA:276,7
DA:277,7
DA:278,0
DA:279,0
DA:280,7
DA:281,7
DA:282,7
DA:283,7
DA:284,7
DA:285,7
DA:286,31
DA:287,31
DA:288,31
DA:289,8
DA:290,8
DA:291,1
DA:292,8
DA:293,1
DA:294,1
DA:295,1
DA:296,1
DA:297,31
DA:298,31
DA:299,31
DA:300,21
DA:301,21
DA:302,21
DA:303,6
DA:304,6
DA:305,6
DA:306,31
DA:307,31
DA:308,31
DA:309,14
DA:310,14
DA:311,7
DA:312,7
DA:313,7
DA:314,7
DA:315,7
DA:316,7
DA:317,0
DA:318,31
DA:319,31
DA:320,31
DA:321,16
DA:322,16
DA:323,16
DA:324,31
DA:325,31
DA:326,31
DA:327,8
DA:328,1
DA:329,1
DA:330,1
DA:331,1
DA:332,1
DA:333,1
DA:334,1
DA:335,1
DA:336,1
DA:337,1
DA:338,1
DA:339,0
DA:340,1
DA:341,1
DA:342,1
DA:343,1
DA:344,0
DA:345,0
DA:346,0
DA:347,0
DA:348,0
DA:349,1
DA:350,1
DA:351,1
DA:352,1
DA:353,1
DA:354,1
DA:355,1
DA:356,31
DA:357,31
DA:358,31
DA:359,0
DA:360,0
DA:361,0
DA:362,0
DA:363,0
DA:364,31
DA:365,31
DA:366,1
DA:367,1
DA:368,1
DA:369,1
DA:370,1
DA:371,1
DA:372,1
DA:373,1
DA:374,1
DA:375,1
DA:376,1
DA:377,1
DA:378,1
DA:379,1
DA:380,1
DA:381,1
DA:382,0
DA:383,1
DA:384,1
DA:385,1
DA:386,1
DA:387,31
DA:388,31
DA:389,1
DA:390,1
DA:391,1
DA:392,1
DA:393,1
DA:394,1
DA:395,1
DA:396,1
DA:397,1
DA:398,1
DA:399,1
DA:400,1
DA:401,1
DA:402,1
DA:403,1
DA:404,1
DA:405,1
DA:406,1
DA:407,1
DA:408,1
DA:409,1
DA:410,1
DA:411,1
DA:412,1
DA:413,1
DA:414,1
DA:415,1
DA:416,1
DA:417,1
DA:418,1
DA:419,0
DA:420,0
DA:421,0
DA:422,1
DA:423,31
DA:424,31
DA:425,31
DA:426,0
DA:427,31
DA:428,2
DA:429,2
DA:430,2
DA:431,2
DA:432,2
DA:433,2
DA:434,2
DA:435,29
DA:436,1
DA:437,28
DA:438,31
DA:439,31
DA:440,31
DA:441,31
DA:442,31
DA:443,31
DA:444,31
DA:445,31
DA:446,31
DA:447,31
DA:448,23
DA:449,23
DA:450,23
DA:451,31
DA:452,31
DA:453,31
DA:454,31
DA:455,31
DA:456,31
DA:457,31
DA:458,31
DA:459,31
DA:460,31
DA:461,31
DA:462,31
DA:463,39
DA:464,31
DA:465,31
DA:466,31
DA:467,31
DA:468,31
DA:469,31
DA:470,31
DA:471,31
DA:472,31
DA:473,31
DA:474,31
DA:475,31
DA:476,31
DA:477,31
DA:478,31
DA:479,31
DA:480,31
DA:481,31
DA:482,31
DA:483,31
DA:484,31
DA:485,31
DA:486,31
DA:487,31
DA:488,31
DA:489,31
DA:490,31
DA:491,31
DA:492,31
DA:493,23
DA:494,8
DA:495,8
DA:496,8
DA:497,8
DA:498,31
DA:499,31
DA:500,31
DA:501,31
DA:502,31
DA:503,31
DA:504,31
DA:505,31
DA:506,31
DA:507,31
DA:508,2
DA:509,2
DA:510,31
DA:511,31
DA:512,31
DA:513,31
DA:514,31
DA:515,31
DA:516,31
DA:517,31
DA:518,31
DA:519,31
DA:520,31
DA:521,31
DA:522,31
DA:523,31
DA:524,31
DA:525,31
DA:526,31
DA:527,31
DA:528,31
DA:529,31
DA:530,31
DA:531,31
DA:532,31
DA:533,31
DA:534,31
DA:535,31
DA:536,31
DA:537,31
DA:538,31
DA:539,31
DA:540,31
DA:541,31
DA:542,31
DA:543,2
DA:544,2
DA:545,2
DA:546,2
DA:547,2
DA:548,2
DA:549,31
DA:550,31
DA:551,31
DA:552,31
DA:553,31
DA:554,31
DA:555,31
DA:556,31
DA:557,0
DA:558,0
DA:559,0
DA:560,31
DA:561,31
DA:562,0
DA:563,0
DA:564,0
DA:565,31
DA:566,31
DA:567,31
DA:568,31
DA:569,31
DA:570,31
DA:571,31
DA:572,31
DA:573,31
DA:574,31
DA:575,31
DA:576,31
DA:577,31
DA:578,31
DA:579,31
DA:580,31
DA:581,31
DA:582,31
DA:583,31
LF:583
LH:553
BRDA:27,0,0,39
BRDA:28,1,0,0
BRDA:31,2,0,13
BRDA:32,3,0,0
BRDA:35,4,0,31
BRDA:36,5,0,0
BRDA:39,6,0,29
BRDA:40,7,0,0
BRDA:44,8,0,13
BRDA:46,9,0,0
BRDA:50,10,0,1
BRDA:51,11,0,0
BRDA:53,12,0,0
BRDA:61,13,0,0
BRDA:66,14,0,23
BRDA:103,15,0,0
BRDA:133,16,0,31
BRDA:156,17,0,28
BRDA:162,18,0,3
BRDA:165,19,0,3
BRDA:171,20,0,0
BRDA:172,21,0,3
BRDA:172,22,0,3
BRDA:172,23,0,3
BRDA:183,24,0,3
BRDA:183,25,0,3
BRDA:183,26,0,0
BRDA:186,27,0,3
BRDA:186,28,0,0
BRDA:186,29,0,0
BRDA:186,30,0,3
BRDA:186,31,0,0
BRDA:188,32,0,3
BRDA:188,33,0,3
BRDA:188,34,0,0
BRDA:189,35,0,3
BRDA:189,36,0,3
BRDA:189,37,0,0
BRDA:192,38,0,0
BRDA:201,39,0,12
BRDA:210,40,0,31
BRDA:247,41,0,23
BRDA:247,42,0,23
BRDA:424,43,0,3
BRDA:425,44,0,0
BRDA:427,45,0,2
BRDA:429,46,0,1
BRDA:429,47,0,1
BRDA:430,48,0,0
BRDA:431,49,0,0
BRDA:431,50,0,0
BRDA:432,51,0,0
BRDA:433,52,0,0
BRDA:434,53,0,1
BRDA:434,54,0,0
BRDA:434,55,0,29
BRDA:435,56,0,1
BRDA:436,57,0,28
BRDA:445,58,0,23
BRDA:445,59,0,8
BRDA:447,60,0,23
BRDA:471,61,0,29
BRDA:471,62,0,21
BRDA:475,63,0,2
BRDA:475,64,0,29
BRDA:481,65,0,30
BRDA:481,66,0,22
BRDA:485,67,0,1
BRDA:485,68,0,30
BRDA:492,69,0,23
BRDA:493,70,0,8
BRDA:496,71,0,0
BRDA:542,72,0,2
BRDA:545,73,0,1
BRDA:545,74,0,1
BRDA:546,75,0,1
BRDA:546,76,0,1
BRDA:547,77,0,1
BRDA:547,78,0,1
BRDA:556,79,0,0
BRDA:561,80,0,0
BRDA:567,81,0,3
BRDA:567,82,0,28
BRDA:568,83,0,0
BRDA:569,84,0,0
BRDA:570,85,0,0
BRDA:571,86,0,0
BRDA:572,87,0,0
BRDA:573,88,0,0
BRDA:574,89,0,0
BRDA:575,90,0,3
BRDA:575,91,0,28
BRDA:219,92,0,7
BRDA:234,93,0,7
BRDA:236,94,0,14
BRDA:237,95,0,7
BRDA:237,96,0,7
BRDA:238,97,0,2
BRDA:242,98,0,7
BRDA:250,99,0,14
BRDA:251,100,0,7
BRDA:251,101,0,7
BRDA:255,102,0,7
BRDA:256,103,0,0
BRDA:261,104,0,7
BRDA:265,105,0,0
BRDA:267,106,0,0
BRDA:272,107,0,0
BRDA:277,108,0,0
BRDA:271,109,0,7
BRDA:283,110,0,7
BRDA:288,111,0,8
BRDA:290,112,0,2
BRDA:290,113,0,7
BRDA:290,114,0,1
BRDA:292,115,0,1
BRDA:292,116,0,0
BRDA:292,117,0,1
BRDA:299,118,0,21
BRDA:300,119,0,8
BRDA:300,120,0,13
BRDA:301,121,0,7
BRDA:301,122,0,6
BRDA:302,123,0,6
BRDA:308,124,0,14
BRDA:309,125,0,7
BRDA:310,126,0,7
BRDA:316,127,0,0
BRDA:320,128,0,16
BRDA:322,129,0,0
BRDA:326,130,0,8
BRDA:327,131,0,7
BRDA:327,132,0,1
BRDA:331,133,0,1
BRDA:334,134,0,0
BRDA:336,135,0,0
BRDA:338,136,0,0
BRDA:343,137,0,0
BRDA:352,138,0,1
BRDA:354,139,0,0
BRDA:365,140,0,1
BRDA:366,141,0,0
BRDA:373,142,0,0
BRDA:381,143,0,0
BRDA:388,144,0,1
BRDA:389,145,0,0
BRDA:397,146,0,0
BRDA:418,147,0,0
BRDA:462,148,0,39
BRDA:507,149,0,2
BRDA:508,150,0,0
BRDA:531,151,0,1
BRF:152
BRH:98
end_of_record
TN:
SF:src\pages\ProblemViewPage.tsx
FN:7,difficultyStyle
FN:13,Block
FN:22,CodeBlock
FN:31,ProblemViewPage
FNF:4
FNH:4
FNDA:10,difficultyStyle
FNDA:50,Block
FNDA:20,CodeBlock
FNDA:23,ProblemViewPage
DA:1,1
DA:2,1
DA:3,1
DA:4,1
DA:5,1
DA:6,1
DA:7,10
DA:8,10
DA:9,0
DA:10,0
DA:11,0
DA:12,1
DA:13,50
DA:14,50
DA:15,50
DA:16,50
DA:17,50
DA:18,50
DA:19,50
DA:20,50
DA:21,1
DA:22,20
DA:23,20
DA:24,20
DA:25,20
DA:26,20
DA:27,20
DA:28,20
DA:29,20
DA:30,1
DA:31,23
DA:32,23
DA:33,23
DA:34,23
DA:35,23
DA:36,23
DA:37,23
DA:38,12
DA:39,12
DA:40,12
DA:41,12
DA:42,12
DA:43,12
DA:44,12
DA:45,23
DA:46,23
DA:47,23
DA:48,23
DA:49,10
DA:50,10
DA:51,10
DA:52,10
DA:53,10
DA:54,10
DA:55,10
DA:56,10
DA:57,10
DA:58,10
DA:59,10
DA:60,10
DA:61,10
DA:62,10
DA:63,10
DA:64,10
DA:65,10
DA:66,10
DA:67,10
DA:68,10
DA:69,10
DA:70,10
DA:71,10
DA:72,10
DA:73,10
DA:74,10
DA:75,10
DA:76,10
DA:77,10
DA:78,10
DA:79,10
DA:80,10
DA:81,10
DA:82,10
DA:83,10
DA:84,10
DA:85,10
DA:86,10
DA:87,10
DA:88,10
DA:89,23
DA:90,23
DA:91,10
DA:92,10
DA:93,10
DA:94,10
DA:95,10
DA:96,23
DA:97,23
DA:98,23
DA:99,23
DA:100,10
DA:101,10
DA:102,10
DA:103,23
DA:104,23
DA:105,10
DA:106,10
DA:107,10
DA:108,23
DA:109,23
DA:110,23
DA:111,23
LF:111
LH:108
BRDA:7,0,0,10
BRDA:8,1,0,0
BRDA:13,2,0,50
BRDA:22,3,0,20
BRDA:31,4,0,23
BRDA:47,5,0,1
BRDA:47,6,0,22
BRDA:48,7,0,12
BRDA:48,8,0,10
BRDA:90,9,0,10
BRDA:99,10,0,10
BRDA:104,11,0,10
BRDA:37,12,0,12
BRDA:38,13,0,0
BRDA:39,14,0,12
BRDA:40,15,0,0
BRDA:43,16,0,1
BRF:17
BRH:14
end_of_record
TN:
SF:src\pages\ProblemsPage.tsx
FN:15,ProblemsPage
FN:34,handleDelete
FN:56,onClick
FN:115,onClick
FNF:4
FNH:2
FNDA:42,ProblemsPage
FNDA:0,handleDelete
FNDA:1,onClick
FNDA:0,onClick
DA:1,1
DA:2,1
DA:3,1
DA:4,1
DA:5,1
DA:6,1
DA:7,1
DA:8,1
DA:9,1
DA:10,1
DA:11,1
DA:12,1
DA:13,1
DA:14,1
DA:15,42
DA:16,42
DA:17,42
DA:18,42
DA:19,42
DA:20,42
DA:21,42
DA:22,42
DA:23,42
DA:24,13
DA:25,13
DA:26,13
DA:27,13
DA:28,13
DA:29,13
DA:30,13
DA:31,13
DA:32,42
DA:33,42
DA:34,42
DA:35,0
DA:36,0
DA:37,0
DA:38,0
DA:39,0
DA:40,0
DA:41,0
DA:42,0
DA:43,0
DA:44,42
DA:45,42
DA:46,42
DA:47,12
DA:48,42
DA:49,42
DA:50,42
DA:51,42
DA:52,42
DA:53,42
DA:54,42
DA:55,11
DA:56,11
DA:57,11
DA:58,11
DA:59,11
DA:60,11
DA:61,11
DA:62,42
DA:63,42
DA:64,42
DA:65,42
DA:66,0
DA:67,12
DA:68,12
DA:69,12
DA:70,12
DA:71,12
DA:72,12
DA:73,12
DA:74,12
DA:75,12
DA:76,12
DA:77,12
DA:78,12
DA:79,12
DA:80,12
DA:81,12
DA:82,24
DA:83,24
DA:84,24
DA:85,24
DA:86,24
DA:87,24
DA:88,24
DA:89,24
DA:90,24
DA:91,24
DA:92,24
DA:93,24
DA:94,24
DA:95,24
DA:96,24
DA:97,24
DA:98,24
DA:99,24
DA:100,24
DA:101,24
DA:102,24
DA:103,24
DA:104,24
DA:105,24
DA:106,22
DA:107,22
DA:108,22
DA:109,22
DA:110,22
DA:111,22
DA:112,22
DA:113,22
DA:114,22
DA:115,22
DA:116,22
DA:117,22
DA:118,22
DA:119,22
DA:120,22
DA:121,22
DA:122,24
DA:123,24
DA:124,12
DA:125,12
DA:126,12
DA:127,12
DA:128,42
DA:129,42
DA:130,42
DA:131,42
LF:131
LH:121
BRDA:15,0,0,42
BRDA:45,1,0,29
BRDA:45,2,0,13
BRDA:46,3,0,1
BRDA:46,4,0,12
BRDA:48,5,0,3
BRDA:54,6,0,11
BRDA:65,7,0,0
BRDA:66,8,0,12
BRDA:77,9,0,11
BRDA:23,10,0,13
BRDA:24,11,0,13
BRDA:25,12,0,0
BRDA:29,13,0,1
BRDA:30,14,0,13
BRDA:56,15,0,1
BRDA:81,16,0,24
BRDA:105,17,0,22
BRF:18
BRH:16
end_of_record
TN:
SF:src\pages\RoleHome.tsx
FN:11,RoleHome
FNF:1
FNH:1
FNDA:1,RoleHome
DA:1,1
DA:2,1
DA:3,1
DA:4,1
DA:5,1
DA:6,1
DA:7,1
DA:8,1
DA:9,1
DA:10,1
DA:11,1
DA:12,1
DA:13,1
DA:14,1
DA:15,1
LF:15
LH:15
BRDA:11,0,0,1
BRDA:13,1,0,0
BRF:2
BRH:1
end_of_record
TN:
SF:src\pages\SubmissionStatus.tsx
FN:9,metricValue
FN:14,SubmissionStatus
FN:24,loadAccess
FN:64,saveCodeForEditor
FN:145,InfoRow
FNF:5
FNH:5
FNDA:12,metricValue
FNDA:4,SubmissionStatus
FNDA:4,loadAccess
FNDA:1,saveCodeForEditor
FNDA:28,InfoRow
DA:1,1
DA:2,1
DA:3,1
DA:4,1
DA:5,1
DA:6,1
DA:7,1
DA:8,1
DA:9,12
DA:10,12
DA:11,3
DA:12,3
DA:13,1
DA:14,4
DA:15,4
DA:16,4
DA:17,4
DA:18,4
DA:19,4
DA:20,4
DA:21,4
DA:22,4
DA:23,4
DA:24,4
DA:25,4
DA:26,4
DA:27,4
DA:28,4
DA:29,0
DA:30,4
DA:31,4
DA:32,4
DA:33,4
DA:34,4
DA:35,4
DA:36,4
DA:37,4
DA:38,4
DA:39,4
DA:40,4
DA:41,4
DA:42,0
DA:43,0
DA:44,4
DA:45,4
DA:46,0
DA:47,0
DA:48,4
DA:49,4
DA:50,4
DA:51,0
DA:52,0
DA:53,0
DA:54,0
DA:55,0
DA:56,0
DA:57,4
DA:58,4
DA:59,4
DA:60,4
DA:61,4
DA:62,4
DA:63,4
DA:64,4
DA:65,1
DA:66,1
DA:67,1
DA:68,1
DA:69,1
DA:70,1
DA:71,1
DA:72,1
DA:73,1
DA:74,1
DA:75,1
DA:76,4
DA:77,4
DA:78,4
DA:79,4
DA:80,4
DA:81,4
DA:82,4
DA:83,4
DA:84,4
DA:85,4
DA:86,4
DA:87,4
DA:88,4
DA:89,4
DA:90,4
DA:91,4
DA:92,4
DA:93,4
DA:94,4
DA:95,4
DA:96,4
DA:97,4
DA:98,4
DA:99,4
DA:100,4
DA:101,4
DA:102,4
DA:103,3
DA:104,3
DA:105,3
DA:106,4
DA:107,4
DA:108,4
DA:109,0
DA:110,0
DA:111,0
DA:112,0
DA:113,0
DA:114,0
DA:115,4
DA:116,4
DA:117,4
DA:118,4
DA:119,4
DA:120,4
DA:121,4
DA:122,4
DA:123,4
DA:124,4
DA:125,4
DA:126,4
DA:127,4
DA:128,4
DA:129,4
DA:130,4
DA:131,4
DA:132,4
DA:133,4
DA:134,4
DA:135,0
DA:136,0
DA:137,0
DA:138,0
DA:139,4
DA:140,4
DA:141,4
DA:142,4
DA:143,4
DA:144,1
DA:145,28
DA:146,28
DA:147,28
DA:148,28
DA:149,28
DA:150,28
DA:151,28
DA:152,28
LF:152
LH:131
BRDA:9,0,0,12
BRDA:10,1,0,9
BRDA:10,2,0,3
BRDA:14,3,0,4
BRDA:17,4,0,0
BRDA:41,5,0,0
BRDA:45,6,0,0
BRDA:50,7,0,1
BRDA:50,8,0,0
BRDA:59,9,0,1
BRDA:59,10,0,3
BRDA:60,11,0,3
BRDA:92,12,0,1
BRDA:95,13,0,1
BRDA:95,14,0,1
BRDA:95,15,0,3
BRDA:95,16,0,1
BRDA:97,17,0,1
BRDA:98,18,0,1
BRDA:102,19,0,3
BRDA:104,20,0,0
BRDA:108,21,0,1
BRDA:108,22,0,0
BRDA:134,23,0,0
BRDA:20,24,0,4
BRDA:21,25,0,0
BRDA:24,26,0,4
BRDA:27,27,0,0
BRDA:28,28,0,0
BRDA:31,29,0,0
BRDA:36,30,0,4
BRDA:64,31,0,1
BRDA:65,32,0,0
BRDA:145,33,0,28
BRF:34
BRH:22
end_of_record
TN:
SF:src\pages\SubmissionsPage.tsx
FN:10,verdictOf
FN:14,uniqueVerdicts
FN:18,SubmissionsPage
FN:31,loadSubmissions
FN:108,onSubmit
FN:116,onChange
FN:133,onChange
FN:230,SummaryCard
FNF:8
FNH:7
FNDA:54,verdictOf
FNDA:7,uniqueVerdicts
FNDA:10,SubmissionsPage
FNDA:3,loadSubmissions
FNDA:0,onSubmit
FNDA:1,onChange
FNDA:1,onChange
FNDA:20,SummaryCard
DA:1,1
DA:2,1
DA:3,1
DA:4,1
DA:5,1
DA:6,1
DA:7,1
DA:8,1
DA:9,1
DA:10,54
DA:11,54
DA:12,54
DA:13,1
DA:14,7
DA:15,7
DA:16,7
DA:17,1
DA:18,10
DA:19,10
DA:20,10
DA:21,10
DA:22,10
DA:23,10
DA:24,10
DA:25,10
DA:26,10
DA:27,10
DA:28,10
DA:29,3
DA:30,3
DA:31,3
DA:32,3
DA:33,3
DA:34,3
DA:35,3
DA:36,3
DA:37,3
DA:38,3
DA:39,3
DA:40,3
DA:41,3
DA:42,3
DA:43,3
DA:44,0
DA:45,3
DA:46,3
DA:47,3
DA:48,3
DA:49,3
DA:50,3
DA:51,3
DA:52,3
DA:53,3
DA:54,10
DA:55,10
DA:56,10
DA:57,3
DA:58,3
DA:59,7
DA:60,10
DA:61,0
DA:62,0
DA:63,7
DA:64,10
DA:65,10
DA:66,10
DA:67,14
DA:68,14
DA:69,14
DA:70,14
DA:71,2
DA:72,2
DA:73,2
DA:74,2
DA:75,2
DA:76,2
DA:77,2
DA:78,2
DA:79,14
DA:80,10
DA:81,10
DA:82,10
DA:83,14
DA:84,10
DA:85,10
DA:86,10
DA:87,10
DA:88,10
DA:89,10
DA:90,10
DA:91,10
DA:92,10
DA:93,10
DA:94,10
DA:95,7
DA:96,0
DA:97,10
DA:98,10
DA:99,10
DA:100,10
DA:101,10
DA:102,10
DA:103,10
DA:104,10
DA:105,10
DA:106,10
DA:107,10
DA:108,10
DA:109,0
DA:110,0
DA:111,0
DA:112,10
DA:113,10
DA:114,10
DA:115,10
DA:116,10
DA:117,10
DA:118,10
DA:119,10
DA:120,10
DA:121,10
DA:122,0
DA:123,0
DA:124,0
DA:125,0
DA:126,0
DA:127,0
DA:128,0
DA:129,10
DA:130,10
DA:131,10
DA:132,10
DA:133,10
DA:134,10
DA:135,10
DA:136,10
DA:137,10
DA:138,10
DA:139,14
DA:140,10
DA:141,10
DA:142,10
DA:143,10
DA:144,10
DA:145,0
DA:146,7
DA:147,0
DA:148,7
DA:149,7
DA:150,7
DA:151,7
DA:152,7
DA:153,7
DA:154,7
DA:155,7
DA:156,7
DA:157,0
DA:158,0
DA:159,0
DA:160,7
DA:161,7
DA:162,7
DA:163,7
DA:164,7
DA:165,7
DA:166,7
DA:167,7
DA:168,7
DA:169,7
DA:170,7
DA:171,7
DA:172,7
DA:173,7
DA:174,7
DA:175,7
DA:176,7
DA:177,7
DA:178,7
DA:179,7
DA:180,12
DA:181,12
DA:182,12
DA:183,12
DA:184,12
DA:185,12
DA:186,12
DA:187,12
DA:188,12
DA:189,12
DA:190,0
DA:191,0
DA:192,0
DA:193,0
DA:194,0
DA:195,0
DA:196,12
DA:197,12
DA:198,12
DA:199,12
DA:200,12
DA:201,12
DA:202,12
DA:203,12
DA:204,12
DA:205,12
DA:206,12
DA:207,12
DA:208,12
DA:209,12
DA:210,12
DA:211,12
DA:212,4
DA:213,8
DA:214,12
DA:215,12
DA:216,12
DA:217,12
DA:218,12
DA:219,12
DA:220,12
DA:221,7
DA:222,7
DA:223,7
DA:224,7
DA:225,10
DA:226,10
DA:227,10
DA:228,10
DA:229,1
DA:230,20
DA:231,20
DA:232,20
DA:233,20
DA:234,20
DA:235,20
DA:236,20
DA:237,20
LF:237
LH:212
BRDA:10,0,0,54
BRDA:11,1,0,26
BRDA:11,2,0,28
BRDA:14,3,0,7
BRDA:18,4,0,10
BRDA:56,5,0,3
BRDA:58,6,0,7
BRDA:60,7,0,0
BRDA:62,8,0,7
BRDA:85,9,0,7
BRDA:91,10,0,7
BRDA:91,11,0,0
BRDA:94,12,0,7
BRDA:95,13,0,0
BRDA:104,14,0,7
BRDA:104,15,0,0
BRDA:117,16,0,7
BRDA:117,17,0,0
BRDA:121,18,0,0
BRDA:144,19,0,0
BRDA:145,20,0,7
BRDA:146,21,0,0
BRDA:156,22,0,0
BRDA:28,23,0,3
BRDA:31,24,0,3
BRDA:36,25,0,0
BRDA:39,26,0,1
BRDA:39,27,0,2
BRDA:40,28,0,0
BRDA:43,29,0,0
BRDA:51,30,0,3
BRDA:66,31,0,14
BRDA:69,32,0,2
BRDA:70,33,0,2
BRDA:79,34,0,13
BRDA:78,35,0,8
BRDA:81,36,0,14
BRDA:82,37,0,14
BRDA:116,38,0,1
BRDA:133,39,0,1
BRDA:138,40,0,14
BRDA:179,41,0,12
BRDA:189,42,0,0
BRDA:204,43,0,5
BRDA:211,44,0,4
BRDA:212,45,0,8
BRDA:230,46,0,20
BRF:47
BRH:34
end_of_record
TN:
SF:src\pages\UserFormPage.tsx
FN:12,UserFormPage
FN:47,handleSubmit
FN:95,onChange
FN:105,onChange
FN:117,onChange
FN:127,onChange
FN:136,onChange
FN:149,onChange
FNF:8
FNH:6
FNDA:56,UserFormPage
FNDA:1,handleSubmit
FNDA:4,onChange
FNDA:16,onChange
FNDA:7,onChange
FNDA:7,onChange
FNDA:0,onChange
FNDA:0,onChange
DA:1,1
DA:2,1
DA:3,1
DA:4,1
DA:5,1
DA:6,1
DA:7,1
DA:8,1
DA:9,1
DA:10,1
DA:11,1
DA:12,56
DA:13,56
DA:14,56
DA:15,56
DA:16,56
DA:17,56
DA:18,56
DA:19,56
DA:20,56
DA:21,56
DA:22,56
DA:23,56
DA:24,56
DA:25,56
DA:26,56
DA:27,56
DA:28,56
DA:29,56
DA:30,56
DA:31,9
DA:32,56
DA:33,56
DA:34,56
DA:35,18
DA:36,2
DA:37,2
DA:38,2
DA:39,2
DA:40,2
DA:41,2
DA:42,2
DA:43,2
DA:44,2
DA:45,56
DA:46,56
DA:47,56
DA:48,1
DA:49,1
DA:50,1
DA:51,0
DA:52,0
DA:53,0
DA:54,1
DA:55,0
DA:56,0
DA:57,0
DA:58,1
DA:59,1
DA:60,1
DA:61,1
DA:62,1
DA:63,0
DA:64,0
DA:65,0
DA:66,0
DA:67,1
DA:68,1
DA:69,0
DA:70,1
DA:71,1
DA:72,1
DA:73,1
DA:74,56
DA:75,56
DA:76,5
DA:77,5
DA:78,51
DA:79,51
DA:80,51
DA:81,51
DA:82,51
DA:83,51
DA:84,51
DA:85,51
DA:86,56
DA:87,56
DA:88,56
DA:89,56
DA:90,56
DA:91,56
DA:92,56
DA:93,56
DA:94,56
DA:95,56
DA:96,56
DA:97,56
DA:98,56
DA:99,56
DA:100,56
DA:101,56
DA:102,56
DA:103,56
DA:104,56
DA:105,56
DA:106,56
DA:107,56
DA:108,56
DA:109,56
DA:110,56
DA:111,56
DA:112,56
DA:113,56
DA:114,56
DA:115,56
DA:116,56
DA:117,56
DA:118,56
DA:119,56
DA:120,56
DA:121,56
DA:122,56
DA:123,56
DA:124,56
DA:125,56
DA:126,56
DA:127,56
DA:128,56
DA:129,56
DA:130,56
DA:131,56
DA:132,56
DA:133,56
DA:134,56
DA:135,56
DA:136,56
DA:137,56
DA:138,56
DA:139,56
DA:140,204
DA:141,56
DA:142,56
DA:143,56
DA:144,56
DA:145,2
DA:146,2
DA:147,2
DA:148,2
DA:149,2
DA:150,2
DA:151,2
DA:152,2
DA:153,2
DA:154,56
DA:155,56
DA:156,56
DA:157,56
DA:158,56
DA:159,56
DA:160,56
DA:161,56
DA:162,56
DA:163,56
DA:164,56
DA:165,56
DA:166,56
DA:167,56
DA:168,56
DA:169,56
DA:170,56
DA:171,56
DA:172,1
DA:173,50
DA:174,56
DA:175,56
DA:176,56
DA:177,56
DA:178,56
DA:179,56
LF:179
LH:168
BRDA:12,0,0,56
BRDA:75,1,0,5
BRDA:77,2,0,51
BRDA:86,3,0,49
BRDA:86,4,0,2
BRDA:112,5,0,49
BRDA:112,6,0,2
BRDA:144,7,0,2
BRDA:156,8,0,0
BRDA:171,9,0,1
BRDA:172,10,0,0
BRDA:172,11,0,50
BRDA:173,12,0,48
BRDA:173,13,0,2
BRDA:30,14,0,9
BRDA:34,15,0,18
BRDA:35,16,0,9
BRDA:35,17,0,16
BRDA:35,18,0,2
BRDA:37,19,0,2
BRDA:44,20,0,2
BRDA:47,21,0,1
BRDA:50,22,0,0
BRDA:54,23,0,0
BRDA:62,24,0,0
BRDA:68,25,0,0
BRDA:95,26,0,4
BRDA:105,27,0,16
BRDA:117,28,0,7
BRDA:127,29,0,7
BRDA:139,30,0,204
BRF:31
BRH:25
end_of_record
TN:
SF:src\pages\UserManagement.tsx
FN:14,SearchIcon
FN:25,UserRow
FN:54,onClick
FN:60,onClick
FN:73,UserManagement
FN:90,loadUsers
FN:118,reload
FN:132,handleSearch
FN:138,handleDelete
FN:168,onClick
FN:180,onChange
FN:196,onChange
FN:230,onEdit
FN:246,onClick
FN:254,onClick
FNF:15
FNH:12
FNDA:30,SearchIcon
FNDA:44,UserRow
FNDA:1,onClick
FNDA:2,onClick
FNDA:31,UserManagement
FNDA:8,loadUsers
FNDA:1,reload
FNDA:1,handleSearch
FNDA:2,handleDelete
FNDA:1,onClick
FNDA:11,onChange
FNDA:0,onChange
FNDA:1,onEdit
FNDA:0,onClick
FNDA:0,onClick
DA:1,1
DA:2,1
DA:3,1
DA:4,1
DA:5,1
DA:6,1
DA:7,1
DA:8,1
DA:9,1
DA:10,1
DA:11,1
DA:12,1
DA:13,1
DA:14,30
DA:15,30
DA:16,30
DA:17,30
DA:18,30
DA:19,30
DA:20,30
DA:21,30
DA:22,30
DA:23,30
DA:24,1
DA:25,44
DA:26,44
DA:27,44
DA:28,44
DA:29,44
DA:30,44
DA:31,44
DA:32,44
DA:33,44
DA:34,44
DA:35,44
DA:36,44
DA:37,44
DA:38,44
DA:39,44
DA:40,44
DA:41,44
DA:42,44
DA:43,44
DA:44,44
DA:45,44
DA:46,44
DA:47,44
DA:48,44
DA:49,44
DA:50,44
DA:51,44
DA:52,44
DA:53,44
DA:54,44
DA:55,44
DA:56,44
DA:57,44
DA:58,44
DA:59,44
DA:60,44
DA:61,44
DA:62,44
DA:63,44
DA:64,44
DA:65,44
DA:66,44
DA:67,44
DA:68,44
DA:69,44
DA:70,44
DA:71,44
DA:72,1
DA:73,31
DA:74,31
DA:75,31
DA:76,31
DA:77,31
DA:78,31
DA:79,31
DA:80,31
DA:81,31
DA:82,31
DA:83,31
DA:84,31
DA:85,31
DA:86,31
DA:87,31
DA:88,8
DA:89,8
DA:90,8
DA:91,8
DA:92,8
DA:93,8
DA:94,8
DA:95,8
DA:96,8
DA:97,8
DA:98,8
DA:99,8
DA:100,8
DA:101,8
DA:102,8
DA:103,8
DA:104,8
DA:105,8
DA:106,0
DA:107,8
DA:108,8
DA:109,8
DA:110,8
DA:111,8
DA:112,8
DA:113,8
DA:114,8
DA:115,8
DA:116,31
DA:117,31
DA:118,31
DA:119,1
DA:120,1
DA:121,1
DA:122,1
DA:123,1
DA:124,1
DA:125,1
DA:126,1
DA:127,1
DA:128,1
DA:129,1
DA:130,1
DA:131,31
DA:132,31
DA:133,1
DA:134,1
DA:135,1
DA:136,1
DA:137,31
DA:138,31
DA:139,2
DA:140,2
DA:141,2
DA:142,1
DA:143,1
DA:144,1
DA:145,1
DA:146,1
DA:147,2
DA:148,2
DA:149,0
DA:150,2
DA:151,1
DA:152,1
DA:153,2
DA:154,0
DA:155,2
DA:156,1
DA:157,1
DA:158,2
DA:159,31
DA:160,31
DA:161,31
DA:162,31
DA:163,31
DA:164,31
DA:165,31
DA:166,31
DA:167,31
DA:168,31
DA:169,31
DA:170,31
DA:171,31
DA:172,31
DA:173,31
DA:174,31
DA:175,31
DA:176,31
DA:177,31
DA:178,31
DA:179,31
DA:180,31
DA:181,31
DA:182,31
DA:183,31
DA:184,31
DA:185,31
DA:186,31
DA:187,31
DA:188,31
DA:189,31
DA:190,31
DA:191,31
DA:192,31
DA:193,31
DA:194,31
DA:195,31
DA:196,31
DA:197,31
DA:198,31
DA:199,31
DA:200,31
DA:201,124
DA:202,31
DA:203,31
DA:204,31
DA:205,31
DA:206,31
DA:207,31
DA:208,31
DA:209,8
DA:210,23
DA:211,23
DA:212,23
DA:213,23
DA:214,23
DA:215,23
DA:216,23
DA:217,23
DA:218,23
DA:219,23
DA:220,23
DA:221,23
DA:222,23
DA:223,23
DA:224,23
DA:225,46
DA:226,46
DA:227,46
DA:228,46
DA:229,46
DA:230,46
DA:231,46
DA:232,46
DA:233,23
DA:234,23
DA:235,23
DA:236,23
DA:237,0
DA:238,23
DA:239,23
DA:240,31
DA:241,31
DA:242,31
DA:243,31
DA:244,31
DA:245,31
DA:246,31
DA:247,31
DA:248,31
DA:249,31
DA:250,31
DA:251,31
DA:252,31
DA:253,31
DA:254,31
DA:255,31
DA:256,31
DA:257,31
DA:258,31
DA:259,31
DA:260,31
DA:261,31
DA:262,31
DA:263,31
DA:264,31
DA:265,31
LF:265
LH:261
BRDA:14,0,0,30
BRDA:25,1,0,44
BRDA:46,2,0,0
BRDA:47,3,0,0
BRDA:61,4,0,22
BRDA:65,5,0,1
BRDA:65,6,0,43
BRDA:54,7,0,1
BRDA:60,8,0,2
BRDA:73,9,0,31
BRDA:206,10,0,0
BRDA:208,11,0,8
BRDA:209,12,0,23
BRDA:236,13,0,0
BRDA:87,14,0,8
BRDA:90,15,0,8
BRDA:92,16,0,0
BRDA:101,17,0,0
BRDA:105,18,0,0
BRDA:113,19,0,8
BRDA:118,20,0,1
BRDA:120,21,0,0
BRDA:132,22,0,1
BRDA:138,23,0,2
BRDA:140,24,0,0
BRDA:141,25,0,1
BRDA:147,26,0,0
BRDA:147,27,0,0
BRDA:147,28,0,1
BRDA:148,29,0,0
BRDA:150,30,0,1
BRDA:153,31,0,0
BRDA:155,32,0,1
BRDA:168,33,0,1
BRDA:180,34,0,11
BRDA:200,35,0,124
BRDA:224,36,0,46
BRDA:230,37,0,1
BRF:38
BRH:25
end_of_record
TN:
SF:src\utils\activeExamLock.ts
FN:9,notifyLockChanged
FN:13,getActiveExamLock
FN:26,setActiveExamLock
FN:31,clearActiveExamLock
FNF:4
FNH:4
FNDA:16,notifyLockChanged
FNDA:48,getActiveExamLock
FNDA:15,setActiveExamLock
FNDA:4,clearActiveExamLock
DA:1,1
DA:2,1
DA:3,1
DA:4,1
DA:5,1
DA:6,1
DA:7,1
DA:8,1
DA:9,16
DA:10,16
DA:11,16
DA:12,1
DA:13,1
DA:14,48
DA:15,48
DA:16,25
DA:17,25
DA:18,25
DA:19,48
DA:20,25
DA:21,48
DA:22,0
DA:23,0
DA:24,48
DA:25,1
DA:26,1
DA:27,15
DA:28,15
DA:29,15
DA:30,1
DA:31,1
DA:32,4
DA:33,4
DA:34,1
DA:35,1
DA:36,1
LF:36
LH:34
BRDA:9,0,0,16
BRDA:13,1,0,48
BRDA:15,2,0,23
BRDA:15,3,0,25
BRDA:19,4,0,0
BRDA:19,5,0,25
BRDA:21,6,0,0
BRDA:26,7,0,15
BRDA:31,8,0,4
BRDA:33,9,0,1
BRDA:33,10,0,3
BRDA:33,11,0,1
BRF:12
BRH:10
end_of_record
TN:
SF:src\utils\format.ts
FN:1,formatDate
FN:6,formatDateOnly
FN:11,formatScore
FN:16,pad2
FNF:4
FNH:4
FNDA:254,formatDate
FNDA:298,formatDateOnly
FNDA:18,formatScore
FNDA:1104,pad2
DA:1,1
DA:2,254
DA:3,254
DA:4,254
DA:5,1
DA:6,1
DA:7,298
DA:8,298
DA:9,298
DA:10,1
DA:11,1
DA:12,18
DA:13,18
DA:14,18
DA:15,1
DA:16,1104
DA:17,1104
DA:18,1104
LF:18
LH:18
BRDA:1,0,0,254
BRDA:6,1,0,298
BRDA:11,2,0,18
BRDA:12,3,0,7
BRDA:12,4,0,11
BRDA:13,5,0,0
BRDA:16,6,0,1104
BRF:7
BRH:6
end_of_record
